\BOOKMARK [1][-]{section.1}{Bibliography}{}% 1
\BOOKMARK [1][-]{section.2}{Statistical\040Theory\040and\040Methods}{}% 2
\BOOKMARK [2][-]{subsection.2.1}{LOL}{section.2}% 3
\BOOKMARK [2][-]{subsection.2.2}{meda}{section.2}% 4
\BOOKMARK [2][-]{subsection.2.3}{Multiscale\040Generalized\040Correlation\040\(MGC\)}{section.2}% 5
\BOOKMARK [2][-]{subsection.2.4}{Network\040Dependence\040Test\040via\040Diffusion\040Maps\040and\040MGC}{section.2}% 6
\BOOKMARK [2][-]{subsection.2.5}{Randomer\040Forest}{section.2}% 7
\BOOKMARK [2][-]{subsection.2.6}{Non-Parametric\040Shape\040Clustering}{section.2}% 8
\BOOKMARK [2][-]{subsection.2.7}{Discriminability}{section.2}% 9
\BOOKMARK [2][-]{subsection.2.8}{Joint\040Embedding}{section.2}% 10
\BOOKMARK [2][-]{subsection.2.9}{Robust\040Law\040of\040Large\040Graphs}{section.2}% 11
\BOOKMARK [1][-]{section.3}{Scalable\040Algorithm\040Implementations}{}% 12
\BOOKMARK [2][-]{subsection.3.1}{FlashX}{section.3}% 13
\BOOKMARK [2][-]{subsection.3.2}{ndstore}{section.3}% 14
\BOOKMARK [2][-]{subsection.3.3}{ndviz}{section.3}% 15
\BOOKMARK [2][-]{subsection.3.4}{knor:\040K-means\040NUMA\040Optimized\040Routines}{section.3}% 16
\BOOKMARK [2][-]{subsection.3.5}{ndreg}{section.3}% 17
\BOOKMARK [1][-]{section.4}{Data:\040What's\040in\040the\040Cloud}{}% 18
\BOOKMARK [1][-]{section.5}{Data:\040What's\040in\040the\040Cloud}{}% 19
\BOOKMARK [1][-]{section.6}{Scientific\040Pipelines:\040Infrastructure\040&\040Dataset\040Specific\040Progress}{}% 20
\BOOKMARK [2][-]{subsection.6.1}{Science\040in\040the\040Cloud}{section.6}% 21
\BOOKMARK [2][-]{subsection.6.2}{ndmg}{section.6}% 22
\BOOKMARK [2][-]{subsection.6.3}{CLARITY}{section.6}% 23
\BOOKMARK [1][-]{section.7}{Reference\040Datasets}{}% 24
