This is XeTeX, Version 3.14159265-2.6-0.99996 (TeX Live 2016) (preloaded format=xelatex 2016.5.22)  2 APR 2017 10:21
entering extended mode
 restricted \write18 enabled.
 file:line:error style messages enabled.
 %&-line parsing enabled.
**simplex
(./simplex.tex
LaTeX2e <2016/03/31>
Babel <3.9r> and hyphenation patterns for 83 language(s) loaded.
(/usr/local/texlive/2016/texmf-dist/tex/latex/base/article.cls
Document Class: article 2014/09/29 v1.4h Standard LaTeX document class
(/usr/local/texlive/2016/texmf-dist/tex/latex/base/size12.clo
File: size12.clo 2014/09/29 v1.4h Standard LaTeX file (size option)
)
\c@part=\count79
\c@section=\count80
\c@subsection=\count81
\c@subsubsection=\count82
\c@paragraph=\count83
\c@subparagraph=\count84
\c@figure=\count85
\c@table=\count86
\abovecaptionskip=\skip41
\belowcaptionskip=\skip42
\bibindent=\dimen102
) (./preamble.tex (/usr/local/texlive/2016/texmf-dist/tex/latex/geometry/geomet
ry.sty
Package: geometry 2010/09/12 v5.6 Page Geometry

(/usr/local/texlive/2016/texmf-dist/tex/latex/graphics/keyval.sty
Package: keyval 2014/10/28 v1.15 key=value parser (DPC)
\KV@toks@=\toks14
)
(/usr/local/texlive/2016/texmf-dist/tex/generic/oberdiek/ifpdf.sty
Package: ifpdf 2016/05/14 v3.1 Provides the ifpdf switch
)
(/usr/local/texlive/2016/texmf-dist/tex/generic/oberdiek/ifvtex.sty
Package: ifvtex 2016/05/16 v1.6 Detect VTeX and its facilities (HO)
Package ifvtex Info: VTeX not detected.
)
(/usr/local/texlive/2016/texmf-dist/tex/generic/ifxetex/ifxetex.sty
Package: ifxetex 2010/09/12 v0.6 Provides ifxetex conditional
)
\Gm@cnth=\count87
\Gm@cntv=\count88
\c@Gm@tempcnt=\count89
\Gm@bindingoffset=\dimen103
\Gm@wd@mp=\dimen104
\Gm@odd@mp=\dimen105
\Gm@even@mp=\dimen106
\Gm@layoutwidth=\dimen107
\Gm@layoutheight=\dimen108
\Gm@layouthoffset=\dimen109
\Gm@layoutvoffset=\dimen110
\Gm@dimlist=\toks15
)
(/usr/local/texlive/2016/texmf-dist/tex/latex/subfiles/subfiles.sty
Package: subfiles 2012/05/23 Federico Garcia

(/usr/local/texlive/2016/texmf-dist/tex/latex/tools/verbatim.sty
Package: verbatim 2014/10/28 v1.5q LaTeX2e package for verbatim enhancements
\every@verbatim=\toks16
\verbatim@line=\toks17
\verbatim@in@stream=\read1
))
(/usr/local/texlive/2016/texmf-dist/tex/latex/lineno/lineno.sty
Package: lineno 2005/11/02 line numbers on paragraphs v4.41
Invalid UTF-8 byte or sequence at line 296 replaced by U+FFFD.
\linenopenalty=\count90
\output=\toks18
\linenoprevgraf=\count91
\linenumbersep=\dimen111
\linenumberwidth=\dimen112
\c@linenumber=\count92
\c@pagewiselinenumber=\count93
\c@LN@truepage=\count94
\c@internallinenumber=\count95
\c@internallinenumbers=\count96
\quotelinenumbersep=\dimen113
\bframerule=\dimen114
\bframesep=\dimen115
\bframebox=\box26
LaTeX Info: Redefining \\ on input line 3056.
)
(/usr/local/texlive/2016/texmf-dist/tex/latex/enumitem/enumitem.sty
Package: enumitem 2011/09/28 v3.5.2 Customized lists
\labelindent=\skip43
\enit@outerparindent=\dimen116
\enit@toks=\toks19
\enit@inbox=\box27
\enitdp@description=\count97
)
(/usr/local/texlive/2016/texmf-dist/tex/latex/tools/multicol.sty
Package: multicol 2016/04/07 v1.8p multicolumn formatting (FMi)
\c@tracingmulticols=\count98
\mult@box=\box28
\multicol@leftmargin=\dimen117
\c@unbalance=\count99
\c@collectmore=\count100
\doublecol@number=\count101
\multicoltolerance=\count102
\multicolpretolerance=\count103
\full@width=\dimen118
\page@free=\dimen119
\premulticols=\dimen120
\postmulticols=\dimen121
\multicolsep=\skip44
\multicolbaselineskip=\skip45
\partial@page=\box29
\last@line=\box30
\maxbalancingoverflow=\dimen122
\mult@rightbox=\box31
\mult@grightbox=\box32
\mult@gfirstbox=\box33
\mult@firstbox=\box34
\@tempa=\box35
\@tempa=\box36
\@tempa=\box37
\@tempa=\box38
\@tempa=\box39
\@tempa=\box40
\@tempa=\box41
\@tempa=\box42
\@tempa=\box43
\@tempa=\box44
\@tempa=\box45
\@tempa=\box46
\@tempa=\box47
\@tempa=\box48
\@tempa=\box49
\@tempa=\box50
\@tempa=\box51
\c@columnbadness=\count104
\c@finalcolumnbadness=\count105
\last@try=\dimen123
\multicolovershoot=\dimen124
\multicolundershoot=\dimen125
\mult@nat@firstbox=\box52
\colbreak@box=\box53
\mc@col@check@num=\count106
)
(/usr/local/texlive/2016/texmf-dist/tex/latex/base/fixltx2e.sty
Package: fixltx2e 2015/06/22 v2.0b fixes to LaTeX (obsolete)


Package fixltx2e Warning: fixltx2e is not required with releases after 2015
(fixltx2e)                All fixes are now in the LaTeX kernel.
(fixltx2e)                See the latexrelease package for details.

) (/usr/local/texlive/2016/texmf-dist/tex/latex/amsmath/amsmath.sty
Package: amsmath 2016/03/10 v2.15b AMS math features
\@mathmargin=\skip46

For additional information on amsmath, use the `?' option.
(/usr/local/texlive/2016/texmf-dist/tex/latex/amsmath/amstext.sty
Package: amstext 2000/06/29 v2.01 AMS text

(/usr/local/texlive/2016/texmf-dist/tex/latex/amsmath/amsgen.sty
File: amsgen.sty 1999/11/30 v2.0 generic functions
\@emptytoks=\toks20
\ex@=\dimen126
))
(/usr/local/texlive/2016/texmf-dist/tex/latex/amsmath/amsbsy.sty
Package: amsbsy 1999/11/29 v1.2d Bold Symbols
\pmbraise@=\dimen127
)
(/usr/local/texlive/2016/texmf-dist/tex/latex/amsmath/amsopn.sty
Package: amsopn 2016/03/08 v2.02 operator names
)
\inf@bad=\count107
LaTeX Info: Redefining \frac on input line 199.
\uproot@=\count108
\leftroot@=\count109
LaTeX Info: Redefining \overline on input line 297.
\classnum@=\count110
\DOTSCASE@=\count111
LaTeX Info: Redefining \ldots on input line 394.
LaTeX Info: Redefining \dots on input line 397.
LaTeX Info: Redefining \cdots on input line 518.
\Mathstrutbox@=\box54
\strutbox@=\box55
\big@size=\dimen128
LaTeX Font Info:    Redeclaring font encoding OML on input line 634.
LaTeX Font Info:    Redeclaring font encoding OMS on input line 635.
\macc@depth=\count112
\c@MaxMatrixCols=\count113
\dotsspace@=\muskip10
\c@parentequation=\count114
\dspbrk@lvl=\count115
\tag@help=\toks21
\row@=\count116
\column@=\count117
\maxfields@=\count118
\andhelp@=\toks22
\eqnshift@=\dimen129
\alignsep@=\dimen130
\tagshift@=\dimen131
\tagwidth@=\dimen132
\totwidth@=\dimen133
\lineht@=\dimen134
\@envbody=\toks23
\multlinegap=\skip47
\multlinetaggap=\skip48
\mathdisplay@stack=\toks24
LaTeX Info: Redefining \[ on input line 2739.
LaTeX Info: Redefining \] on input line 2740.
)
(/usr/local/texlive/2016/texmf-dist/tex/latex/amsfonts/amsfonts.sty
Package: amsfonts 2013/01/14 v3.01 Basic AMSFonts support
\symAMSa=\mathgroup4
\symAMSb=\mathgroup5
LaTeX Font Info:    Overwriting math alphabet `\mathfrak' in version `bold'
(Font)                  U/euf/m/n --> U/euf/b/n on input line 106.
)
(/usr/local/texlive/2016/texmf-dist/tex/latex/amscls/amsthm.sty
Package: amsthm 2015/03/04 v2.20.2
\thm@style=\toks25
\thm@bodyfont=\toks26
\thm@headfont=\toks27
\thm@notefont=\toks28
\thm@headpunct=\toks29
\thm@preskip=\skip49
\thm@postskip=\skip50
\thm@headsep=\skip51
\dth@everypar=\toks30
)
(/usr/local/texlive/2016/texmf-dist/tex/latex/amsfonts/amssymb.sty
Package: amssymb 2013/01/14 v3.01 AMS font symbols
)
(/usr/local/texlive/2016/texmf-dist/tex/latex/graphics/graphicx.sty
Package: graphicx 2014/10/28 v1.0g Enhanced LaTeX Graphics (DPC,SPQR)

(/usr/local/texlive/2016/texmf-dist/tex/latex/graphics/graphics.sty
Package: graphics 2016/05/09 v1.0r Standard LaTeX Graphics (DPC,SPQR)

(/usr/local/texlive/2016/texmf-dist/tex/latex/graphics/trig.sty
Package: trig 2016/01/03 v1.10 sin cos tan (DPC)
)
(/usr/local/texlive/2016/texmf-dist/tex/latex/graphics-cfg/graphics.cfg
File: graphics.cfg 2016/01/02 v1.10 sample graphics configuration
)
Package graphics Info: Driver file: xetex.def on input line 96.

(/usr/local/texlive/2016/texmf-dist/tex/xelatex/xetex-def/xetex.def
File: xetex.def 2016/04/06 v4.08 LaTeX color/graphics driver for XeTeX (TeX Liv
e/RRM/JK)

(/usr/local/texlive/2016/texmf-dist/tex/generic/oberdiek/infwarerr.sty
Package: infwarerr 2016/05/16 v1.4 Providing info/warning/error messages (HO)
)
(/usr/local/texlive/2016/texmf-dist/tex/generic/oberdiek/ltxcmds.sty
Package: ltxcmds 2016/05/16 v1.23 LaTeX kernel commands for general use (HO)
)))
\Gin@req@height=\dimen135
\Gin@req@width=\dimen136
)
(/usr/local/texlive/2016/texmf-dist/tex/latex/pgf/frontendlayer/tikz.sty
(/usr/local/texlive/2016/texmf-dist/tex/latex/pgf/basiclayer/pgf.sty
(/usr/local/texlive/2016/texmf-dist/tex/latex/pgf/utilities/pgfrcs.sty
(/usr/local/texlive/2016/texmf-dist/tex/generic/pgf/utilities/pgfutil-common.te
x
\pgfutil@everybye=\toks31
\pgfutil@tempdima=\dimen137
\pgfutil@tempdimb=\dimen138

(/usr/local/texlive/2016/texmf-dist/tex/generic/pgf/utilities/pgfutil-common-li
sts.tex))
(/usr/local/texlive/2016/texmf-dist/tex/generic/pgf/utilities/pgfutil-latex.def
\pgfutil@abb=\box56
(/usr/local/texlive/2016/texmf-dist/tex/latex/ms/everyshi.sty
Package: everyshi 2001/05/15 v3.00 EveryShipout Package (MS)
))
(/usr/local/texlive/2016/texmf-dist/tex/generic/pgf/utilities/pgfrcs.code.tex
Package: pgfrcs 2015/08/07 v3.0.1a (rcs-revision 1.31)
))
Package: pgf 2015/08/07 v3.0.1a (rcs-revision 1.15)
(/usr/local/texlive/2016/texmf-dist/tex/latex/pgf/basiclayer/pgfcore.sty
(/usr/local/texlive/2016/texmf-dist/tex/latex/pgf/systemlayer/pgfsys.sty
(/usr/local/texlive/2016/texmf-dist/tex/generic/pgf/systemlayer/pgfsys.code.tex
Package: pgfsys 2014/07/09 v3.0.1a (rcs-revision 1.48)
(/usr/local/texlive/2016/texmf-dist/tex/generic/pgf/utilities/pgfkeys.code.tex
\pgfkeys@pathtoks=\toks32
\pgfkeys@temptoks=\toks33

(/usr/local/texlive/2016/texmf-dist/tex/generic/pgf/utilities/pgfkeysfiltered.c
ode.tex
\pgfkeys@tmptoks=\toks34
))
\pgf@x=\dimen139
\pgf@y=\dimen140
\pgf@xa=\dimen141
\pgf@ya=\dimen142
\pgf@xb=\dimen143
\pgf@yb=\dimen144
\pgf@xc=\dimen145
\pgf@yc=\dimen146
\w@pgf@writea=\write3
\r@pgf@reada=\read2
\c@pgf@counta=\count119
\c@pgf@countb=\count120
\c@pgf@countc=\count121
\c@pgf@countd=\count122
\t@pgf@toka=\toks35
\t@pgf@tokb=\toks36
\t@pgf@tokc=\toks37

(/usr/local/texlive/2016/texmf-dist/tex/generic/pgf/systemlayer/pgf.cfg
File: pgf.cfg 2008/05/14  (rcs-revision 1.7)
)
Driver file for pgf: pgfsys-xetex.def

(/usr/local/texlive/2016/texmf-dist/tex/generic/pgf/systemlayer/pgfsys-xetex.de
f
File: pgfsys-xetex.def 2014/07/09  (rcs-revision 1.11)

(/usr/local/texlive/2016/texmf-dist/tex/generic/pgf/systemlayer/pgfsys-dvipdfmx
.def
File: pgfsys-dvipdfmx.def 2014/07/09  (rcs-revision 1.14)

(/usr/local/texlive/2016/texmf-dist/tex/generic/pgf/systemlayer/pgfsys-common-p
df.def
File: pgfsys-common-pdf.def 2013/10/10  (rcs-revision 1.13)
)
\pgfsys@objnum=\count123
)))
(/usr/local/texlive/2016/texmf-dist/tex/generic/pgf/systemlayer/pgfsyssoftpath.
code.tex
File: pgfsyssoftpath.code.tex 2013/09/09  (rcs-revision 1.9)
\pgfsyssoftpath@smallbuffer@items=\count124
\pgfsyssoftpath@bigbuffer@items=\count125
)
(/usr/local/texlive/2016/texmf-dist/tex/generic/pgf/systemlayer/pgfsysprotocol.
code.tex
File: pgfsysprotocol.code.tex 2006/10/16  (rcs-revision 1.4)
)) (/usr/local/texlive/2016/texmf-dist/tex/latex/xcolor/xcolor.sty
Package: xcolor 2016/05/11 v2.12 LaTeX color extensions (UK)

(/usr/local/texlive/2016/texmf-dist/tex/latex/graphics-cfg/color.cfg
File: color.cfg 2016/01/02 v1.6 sample color configuration
)
Package xcolor Info: Driver file: xetex.def on input line 225.
Package xcolor Info: Model `cmy' substituted by `cmy0' on input line 1348.
Package xcolor Info: Model `RGB' extended on input line 1364.
Package xcolor Info: Model `HTML' substituted by `rgb' on input line 1366.
Package xcolor Info: Model `Hsb' substituted by `hsb' on input line 1367.
Package xcolor Info: Model `tHsb' substituted by `hsb' on input line 1368.
Package xcolor Info: Model `HSB' substituted by `hsb' on input line 1369.
Package xcolor Info: Model `Gray' substituted by `gray' on input line 1370.
Package xcolor Info: Model `wave' substituted by `hsb' on input line 1371.
)
(/usr/local/texlive/2016/texmf-dist/tex/generic/pgf/basiclayer/pgfcore.code.tex
Package: pgfcore 2010/04/11 v3.0.1a (rcs-revision 1.7)
(/usr/local/texlive/2016/texmf-dist/tex/generic/pgf/math/pgfmath.code.tex
(/usr/local/texlive/2016/texmf-dist/tex/generic/pgf/math/pgfmathcalc.code.tex
(/usr/local/texlive/2016/texmf-dist/tex/generic/pgf/math/pgfmathutil.code.tex)
(/usr/local/texlive/2016/texmf-dist/tex/generic/pgf/math/pgfmathparser.code.tex
\pgfmath@dimen=\dimen147
\pgfmath@count=\count126
\pgfmath@box=\box57
\pgfmath@toks=\toks38
\pgfmath@stack@operand=\toks39
\pgfmath@stack@operation=\toks40
)
(/usr/local/texlive/2016/texmf-dist/tex/generic/pgf/math/pgfmathfunctions.code.
tex
(/usr/local/texlive/2016/texmf-dist/tex/generic/pgf/math/pgfmathfunctions.basic
.code.tex)
(/usr/local/texlive/2016/texmf-dist/tex/generic/pgf/math/pgfmathfunctions.trigo
nometric.code.tex)
(/usr/local/texlive/2016/texmf-dist/tex/generic/pgf/math/pgfmathfunctions.rando
m.code.tex)
(/usr/local/texlive/2016/texmf-dist/tex/generic/pgf/math/pgfmathfunctions.compa
rison.code.tex)
(/usr/local/texlive/2016/texmf-dist/tex/generic/pgf/math/pgfmathfunctions.base.
code.tex)
(/usr/local/texlive/2016/texmf-dist/tex/generic/pgf/math/pgfmathfunctions.round
.code.tex)
(/usr/local/texlive/2016/texmf-dist/tex/generic/pgf/math/pgfmathfunctions.misc.
code.tex)
(/usr/local/texlive/2016/texmf-dist/tex/generic/pgf/math/pgfmathfunctions.integ
erarithmetics.code.tex)))
(/usr/local/texlive/2016/texmf-dist/tex/generic/pgf/math/pgfmathfloat.code.tex
\c@pgfmathroundto@lastzeros=\count127
))
(/usr/local/texlive/2016/texmf-dist/tex/generic/pgf/basiclayer/pgfcorepoints.co
de.tex
File: pgfcorepoints.code.tex 2013/10/07  (rcs-revision 1.27)
\pgf@picminx=\dimen148
\pgf@picmaxx=\dimen149
\pgf@picminy=\dimen150
\pgf@picmaxy=\dimen151
\pgf@pathminx=\dimen152
\pgf@pathmaxx=\dimen153
\pgf@pathminy=\dimen154
\pgf@pathmaxy=\dimen155
\pgf@xx=\dimen156
\pgf@xy=\dimen157
\pgf@yx=\dimen158
\pgf@yy=\dimen159
\pgf@zx=\dimen160
\pgf@zy=\dimen161
)
(/usr/local/texlive/2016/texmf-dist/tex/generic/pgf/basiclayer/pgfcorepathconst
ruct.code.tex
File: pgfcorepathconstruct.code.tex 2013/10/07  (rcs-revision 1.29)
\pgf@path@lastx=\dimen162
\pgf@path@lasty=\dimen163
)
(/usr/local/texlive/2016/texmf-dist/tex/generic/pgf/basiclayer/pgfcorepathusage
.code.tex
File: pgfcorepathusage.code.tex 2014/11/02  (rcs-revision 1.24)
\pgf@shorten@end@additional=\dimen164
\pgf@shorten@start@additional=\dimen165
)
(/usr/local/texlive/2016/texmf-dist/tex/generic/pgf/basiclayer/pgfcorescopes.co
de.tex
File: pgfcorescopes.code.tex 2015/05/08  (rcs-revision 1.46)
\pgfpic=\box58
\pgf@hbox=\box59
\pgf@layerbox@main=\box60
\pgf@picture@serial@count=\count128
)
(/usr/local/texlive/2016/texmf-dist/tex/generic/pgf/basiclayer/pgfcoregraphicst
ate.code.tex
File: pgfcoregraphicstate.code.tex 2014/11/02  (rcs-revision 1.12)
\pgflinewidth=\dimen166
)
(/usr/local/texlive/2016/texmf-dist/tex/generic/pgf/basiclayer/pgfcoretransform
ations.code.tex
File: pgfcoretransformations.code.tex 2015/08/07  (rcs-revision 1.20)
\pgf@pt@x=\dimen167
\pgf@pt@y=\dimen168
\pgf@pt@temp=\dimen169
)
(/usr/local/texlive/2016/texmf-dist/tex/generic/pgf/basiclayer/pgfcorequick.cod
e.tex
File: pgfcorequick.code.tex 2008/10/09  (rcs-revision 1.3)
)
(/usr/local/texlive/2016/texmf-dist/tex/generic/pgf/basiclayer/pgfcoreobjects.c
ode.tex
File: pgfcoreobjects.code.tex 2006/10/11  (rcs-revision 1.2)
)
(/usr/local/texlive/2016/texmf-dist/tex/generic/pgf/basiclayer/pgfcorepathproce
ssing.code.tex
File: pgfcorepathprocessing.code.tex 2013/09/09  (rcs-revision 1.9)
)
(/usr/local/texlive/2016/texmf-dist/tex/generic/pgf/basiclayer/pgfcorearrows.co
de.tex
File: pgfcorearrows.code.tex 2015/05/14  (rcs-revision 1.43)
\pgfarrowsep=\dimen170
)
(/usr/local/texlive/2016/texmf-dist/tex/generic/pgf/basiclayer/pgfcoreshade.cod
e.tex
File: pgfcoreshade.code.tex 2013/07/15  (rcs-revision 1.15)
\pgf@max=\dimen171
\pgf@sys@shading@range@num=\count129
)
(/usr/local/texlive/2016/texmf-dist/tex/generic/pgf/basiclayer/pgfcoreimage.cod
e.tex
File: pgfcoreimage.code.tex 2013/07/15  (rcs-revision 1.18)

(/usr/local/texlive/2016/texmf-dist/tex/generic/pgf/basiclayer/pgfcoreexternal.
code.tex
File: pgfcoreexternal.code.tex 2014/07/09  (rcs-revision 1.21)
\pgfexternal@startupbox=\box61
))
(/usr/local/texlive/2016/texmf-dist/tex/generic/pgf/basiclayer/pgfcorelayers.co
de.tex
File: pgfcorelayers.code.tex 2013/07/18  (rcs-revision 1.7)
)
(/usr/local/texlive/2016/texmf-dist/tex/generic/pgf/basiclayer/pgfcoretranspare
ncy.code.tex
File: pgfcoretransparency.code.tex 2013/09/30  (rcs-revision 1.5)
)
(/usr/local/texlive/2016/texmf-dist/tex/generic/pgf/basiclayer/pgfcorepatterns.
code.tex
File: pgfcorepatterns.code.tex 2013/11/07  (rcs-revision 1.5)
)))
(/usr/local/texlive/2016/texmf-dist/tex/generic/pgf/modules/pgfmoduleshapes.cod
e.tex
File: pgfmoduleshapes.code.tex 2014/03/21  (rcs-revision 1.35)
\pgfnodeparttextbox=\box62
)
(/usr/local/texlive/2016/texmf-dist/tex/generic/pgf/modules/pgfmoduleplot.code.
tex
File: pgfmoduleplot.code.tex 2015/08/03  (rcs-revision 1.13)
)
(/usr/local/texlive/2016/texmf-dist/tex/latex/pgf/compatibility/pgfcomp-version
-0-65.sty
Package: pgfcomp-version-0-65 2007/07/03 v3.0.1a (rcs-revision 1.7)
\pgf@nodesepstart=\dimen172
\pgf@nodesepend=\dimen173
)
(/usr/local/texlive/2016/texmf-dist/tex/latex/pgf/compatibility/pgfcomp-version
-1-18.sty
Package: pgfcomp-version-1-18 2007/07/23 v3.0.1a (rcs-revision 1.1)
))
(/usr/local/texlive/2016/texmf-dist/tex/latex/pgf/utilities/pgffor.sty
(/usr/local/texlive/2016/texmf-dist/tex/latex/pgf/utilities/pgfkeys.sty
(/usr/local/texlive/2016/texmf-dist/tex/generic/pgf/utilities/pgfkeys.code.tex)
) (/usr/local/texlive/2016/texmf-dist/tex/latex/pgf/math/pgfmath.sty
(/usr/local/texlive/2016/texmf-dist/tex/generic/pgf/math/pgfmath.code.tex))
(/usr/local/texlive/2016/texmf-dist/tex/generic/pgf/utilities/pgffor.code.tex
Package: pgffor 2013/12/13 v3.0.1a (rcs-revision 1.25)

(/usr/local/texlive/2016/texmf-dist/tex/generic/pgf/math/pgfmath.code.tex)
\pgffor@iter=\dimen174
\pgffor@skip=\dimen175
\pgffor@stack=\toks41
\pgffor@toks=\toks42
))
(/usr/local/texlive/2016/texmf-dist/tex/generic/pgf/frontendlayer/tikz/tikz.cod
e.tex
Package: tikz 2015/08/07 v3.0.1a (rcs-revision 1.151)

(/usr/local/texlive/2016/texmf-dist/tex/generic/pgf/libraries/pgflibraryplothan
dlers.code.tex
File: pgflibraryplothandlers.code.tex 2013/08/31 v3.0.1a (rcs-revision 1.20)
\pgf@plot@mark@count=\count130
\pgfplotmarksize=\dimen176
)
\tikz@lastx=\dimen177
\tikz@lasty=\dimen178
\tikz@lastxsaved=\dimen179
\tikz@lastysaved=\dimen180
\tikzleveldistance=\dimen181
\tikzsiblingdistance=\dimen182
\tikz@figbox=\box63
\tikz@figbox@bg=\box64
\tikz@tempbox=\box65
\tikz@tempbox@bg=\box66
\tikztreelevel=\count131
\tikznumberofchildren=\count132
\tikznumberofcurrentchild=\count133
\tikz@fig@count=\count134

(/usr/local/texlive/2016/texmf-dist/tex/generic/pgf/modules/pgfmodulematrix.cod
e.tex
File: pgfmodulematrix.code.tex 2013/09/17  (rcs-revision 1.8)
\pgfmatrixcurrentrow=\count135
\pgfmatrixcurrentcolumn=\count136
\pgf@matrix@numberofcolumns=\count137
)
\tikz@expandcount=\count138

(/usr/local/texlive/2016/texmf-dist/tex/generic/pgf/frontendlayer/tikz/librarie
s/tikzlibrarytopaths.code.tex
File: tikzlibrarytopaths.code.tex 2008/06/17 v3.0.1a (rcs-revision 1.2)
)))
(/usr/local/texlive/2016/texmf-dist/tex/latex/pgfplots/pgfplots.sty
(/usr/local/texlive/2016/texmf-dist/tex/generic/pgfplots/pgfplots.revision.tex)
Package: pgfplots 2016/01/06 v1.13 Data Visualization (1.13)
(/usr/local/texlive/2016/texmf-dist/tex/generic/pgfplots/pgfplots.code.tex
(/usr/local/texlive/2016/texmf-dist/tex/generic/pgfplots/pgfplotscore.code.tex
\t@pgfplots@toka=\toks43
\t@pgfplots@tokb=\toks44
\t@pgfplots@tokc=\toks45
\pgfplots@tmpa=\dimen183
\c@pgfplots@coordindex=\count139
\c@pgfplots@scanlineindex=\count140

(/usr/local/texlive/2016/texmf-dist/tex/generic/pgfplots/sys/pgfplotssysgeneric
.code.tex))
(/usr/local/texlive/2016/texmf-dist/tex/generic/pgfplots/libs/pgfplotslibrary.c
ode.tex)
(/usr/local/texlive/2016/texmf-dist/tex/generic/pgfplots/oldpgfcompatib/pgfplot
soldpgfsupp_loader.code.tex
(/usr/local/texlive/2016/texmf-dist/tex/generic/pgf/libraries/pgflibraryfpu.cod
e.tex)
Package pgfplots: loading complementary arithmetics for your pgf version...

(/usr/local/texlive/2016/texmf-dist/tex/generic/pgfplots/oldpgfcompatib/pgfplot
soldpgfsupp_pgflibraryfpu.code.tex)
(/usr/local/texlive/2016/texmf-dist/tex/generic/pgfplots/oldpgfcompatib/pgfplot
soldpgfsupp_pgfmathfloat.code.tex
\c@pgfmathroundto@lastzeros=\count141
))
(/usr/local/texlive/2016/texmf-dist/tex/generic/pgfplots/util/pgfplotsutil.code
.tex
(/usr/local/texlive/2016/texmf-dist/tex/generic/pgfplots/liststructure/pgfplots
liststructure.code.tex)
(/usr/local/texlive/2016/texmf-dist/tex/generic/pgfplots/liststructure/pgfplots
liststructureext.code.tex)
(/usr/local/texlive/2016/texmf-dist/tex/generic/pgfplots/liststructure/pgfplots
array.code.tex
\c@pgfplotsarray@tmp=\count142
)
(/usr/local/texlive/2016/texmf-dist/tex/generic/pgfplots/liststructure/pgfplots
matrix.code.tex)
(/usr/local/texlive/2016/texmf-dist/tex/generic/pgfplots/numtable/pgfplotstable
shared.code.tex
\c@pgfplotstable@counta=\count143
\t@pgfplotstable@a=\toks46
)
(/usr/local/texlive/2016/texmf-dist/tex/generic/pgfplots/liststructure/pgfplots
deque.code.tex)
(/usr/local/texlive/2016/texmf-dist/tex/generic/pgfplots/util/pgfplotsbinary.co
de.tex
(/usr/local/texlive/2016/texmf-dist/tex/generic/pgfplots/util/pgfplotsbinary.da
ta.code.tex))
(/usr/local/texlive/2016/texmf-dist/tex/generic/pgfplots/util/pgfplotsutil.verb
.code.tex)
(/usr/local/texlive/2016/texmf-dist/tex/generic/pgfplots/libs/pgflibrarypgfplot
s.surfshading.code.tex
\c@pgfplotslibrarysurf@no=\count144

(/usr/local/texlive/2016/texmf-dist/tex/generic/pgfplots/sys/pgflibrarypgfplots
.surfshading.pgfsys-xetex.def
(/usr/local/texlive/2016/texmf-dist/tex/generic/pgfplots/sys/pgflibrarypgfplots
.surfshading.pgfsys-dvipdfmx.def
\c@pgfplotslibrarysurf@streamlen=\count145
))))
(/usr/local/texlive/2016/texmf-dist/tex/generic/pgfplots/util/pgfplotscolormap.
code.tex
(/usr/local/texlive/2016/texmf-dist/tex/generic/pgfplots/util/pgfplotscolor.cod
e.tex))
(/usr/local/texlive/2016/texmf-dist/tex/generic/pgfplots/pgfplotsstackedplots.c
ode.tex)
(/usr/local/texlive/2016/texmf-dist/tex/generic/pgfplots/pgfplotsplothandlers.c
ode.tex
(/usr/local/texlive/2016/texmf-dist/tex/generic/pgfplots/pgfplotsmeshplothandle
r.code.tex
(/usr/local/texlive/2016/texmf-dist/tex/generic/pgfplots/pgfplotsmeshplotimage.
code.tex)))
(/usr/local/texlive/2016/texmf-dist/tex/generic/pgfplots/pgfplots.scaling.code.
tex)
(/usr/local/texlive/2016/texmf-dist/tex/generic/pgfplots/pgfplotscoordprocessin
g.code.tex)
(/usr/local/texlive/2016/texmf-dist/tex/generic/pgfplots/pgfplots.errorbars.cod
e.tex)
(/usr/local/texlive/2016/texmf-dist/tex/generic/pgfplots/pgfplots.markers.code.
tex)
(/usr/local/texlive/2016/texmf-dist/tex/generic/pgfplots/pgfplotsticks.code.tex
)
(/usr/local/texlive/2016/texmf-dist/tex/generic/pgfplots/pgfplots.paths.code.te
x)
(/usr/local/texlive/2016/texmf-dist/tex/generic/pgf/frontendlayer/tikz/librarie
s/tikzlibrarydecorations.code.tex
(/usr/local/texlive/2016/texmf-dist/tex/generic/pgf/modules/pgfmoduledecoration
s.code.tex
\pgfdecoratedcompleteddistance=\dimen184
\pgfdecoratedremainingdistance=\dimen185
\pgfdecoratedinputsegmentcompleteddistance=\dimen186
\pgfdecoratedinputsegmentremainingdistance=\dimen187
\pgf@decorate@distancetomove=\dimen188
\pgf@decorate@repeatstate=\count146
\pgfdecorationsegmentamplitude=\dimen189
\pgfdecorationsegmentlength=\dimen190
)
\tikz@lib@dec@box=\box67
)
(/usr/local/texlive/2016/texmf-dist/tex/generic/pgf/frontendlayer/tikz/librarie
s/tikzlibrarydecorations.pathmorphing.code.tex
(/usr/local/texlive/2016/texmf-dist/tex/generic/pgf/libraries/decorations/pgfli
brarydecorations.pathmorphing.code.tex))
(/usr/local/texlive/2016/texmf-dist/tex/generic/pgf/frontendlayer/tikz/librarie
s/tikzlibrarydecorations.pathreplacing.code.tex
(/usr/local/texlive/2016/texmf-dist/tex/generic/pgf/libraries/decorations/pgfli
brarydecorations.pathreplacing.code.tex))
\pgfplots@numplots=\count147
\pgfplots@xmin@reg=\dimen191
\pgfplots@xmax@reg=\dimen192
\pgfplots@ymin@reg=\dimen193
\pgfplots@ymax@reg=\dimen194
\pgfplots@zmin@reg=\dimen195
\pgfplots@zmax@reg=\dimen196
)
(/usr/local/texlive/2016/texmf-dist/tex/generic/pgf/frontendlayer/tikz/librarie
s/tikzlibraryplotmarks.code.tex
File: tikzlibraryplotmarks.code.tex 2008/01/09 v3.0.1a (rcs-revision 1.1)

(/usr/local/texlive/2016/texmf-dist/tex/generic/pgf/libraries/pgflibraryplotmar
ks.code.tex
File: pgflibraryplotmarks.code.tex 2015/08/03 v3.0.1a (rcs-revision 1.14)
)))
(/usr/local/texlive/2016/texmf-dist/tex/latex/algorithmicx/algpseudocode.sty
Package: algpseudocode 

(/usr/local/texlive/2016/texmf-dist/tex/latex/base/ifthen.sty
Package: ifthen 2014/09/29 v1.1c Standard LaTeX ifthen package (DPC)
)
(/usr/local/texlive/2016/texmf-dist/tex/latex/algorithmicx/algorithmicx.sty
Package: algorithmicx 2005/04/27 v1.2 Algorithmicx

Document Style algorithmicx 1.2 - a greatly improved `algorithmic' style
\c@ALG@line=\count148
\c@ALG@rem=\count149
\c@ALG@nested=\count150
\ALG@tlm=\skip52
\ALG@thistlm=\skip53
\c@ALG@Lnr=\count151
\c@ALG@blocknr=\count152
\c@ALG@storecount=\count153
\c@ALG@tmpcounter=\count154
\ALG@tmplength=\skip54
)
Document Style - pseudocode environments for use with the `algorithmicx' style
) (/usr/local/texlive/2016/texmf-dist/tex/latex/algorithms/algorithm.sty
Invalid UTF-8 byte or sequence at line 11 replaced by U+FFFD.
Package: algorithm 2009/08/24 v0.1 Document Style `algorithm' - floating enviro
nment

(/usr/local/texlive/2016/texmf-dist/tex/latex/float/float.sty
Package: float 2001/11/08 v1.3d Float enhancements (AL)
\c@float@type=\count155
\float@exts=\toks47
\float@box=\box68
\@float@everytoks=\toks48
\@floatcapt=\box69
)
\@float@every@algorithm=\toks49
\c@algorithm=\count156
)
(/usr/local/texlive/2016/texmf-dist/tex/latex/url/url.sty
\Urlmuskip=\muskip11
Package: url 2013/09/16  ver 3.4  Verb mode for urls, etc.
)
(/usr/local/texlive/2016/texmf-dist/tex/latex/hyperref/hyperref.sty
Package: hyperref 2016/05/05 v6.83n Hypertext links for LaTeX

(/usr/local/texlive/2016/texmf-dist/tex/generic/oberdiek/hobsub-hyperref.sty
Package: hobsub-hyperref 2016/05/16 v1.14 Bundle oberdiek, subset hyperref (HO)


(/usr/local/texlive/2016/texmf-dist/tex/generic/oberdiek/hobsub-generic.sty
Package: hobsub-generic 2016/05/16 v1.14 Bundle oberdiek, subset generic (HO)
Package: hobsub 2016/05/16 v1.14 Construct package bundles (HO)
Package hobsub Info: Skipping package `infwarerr' (already loaded).
Package hobsub Info: Skipping package `ltxcmds' (already loaded).
Package: ifluatex 2016/05/16 v1.4 Provides the ifluatex switch (HO)
Package ifluatex Info: LuaTeX not detected.
Package hobsub Info: Skipping package `ifvtex' (already loaded).
Package: intcalc 2016/05/16 v1.2 Expandable calculations with integers (HO)
Package hobsub Info: Skipping package `ifpdf' (already loaded).
Package: etexcmds 2016/05/16 v1.6 Avoid name clashes with e-TeX commands (HO)
Package etexcmds Info: Could not find \expanded.
(etexcmds)             That can mean that you are not using pdfTeX 1.50 or
(etexcmds)             that some package has redefined \expanded.
(etexcmds)             In the latter case, load this package earlier.
Package: kvsetkeys 2016/05/16 v1.17 Key value parser (HO)
Package: kvdefinekeys 2016/05/16 v1.4 Define keys (HO)
Package: pdftexcmds 2016/05/10 v0.21 Utility functions of pdfTeX for LuaTeX (HO
)
Package pdftexcmds Info: LuaTeX not detected.
Package pdftexcmds Info: pdfTeX >= 1.30 not detected.
Package pdftexcmds Info: \pdf@primitive is available.
Package pdftexcmds Info: \pdf@ifprimitive is available.
Package pdftexcmds Info: \pdfdraftmode not found.
Package: pdfescape 2016/05/16 v1.14 Implements pdfTeX's escape features (HO)
Package: bigintcalc 2016/05/16 v1.4 Expandable calculations on big integers (HO
)
Package: bitset 2016/05/16 v1.2 Handle bit-vector datatype (HO)
Package: uniquecounter 2016/05/16 v1.3 Provide unlimited unique counter (HO)
)
Package hobsub Info: Skipping package `hobsub' (already loaded).
Package: letltxmacro 2016/05/16 v1.5 Let assignment for LaTeX macros (HO)
Package: hopatch 2016/05/16 v1.3 Wrapper for package hooks (HO)
Package: xcolor-patch 2016/05/16 xcolor patch
Package: atveryend 2016/05/16 v1.9 Hooks at the very end of document (HO)
Package atveryend Info: \enddocument detected (standard20110627).
Package: atbegshi 2016/05/16 v1.17 At begin shipout hook (HO)
Package: refcount 2016/05/16 v3.5 Data extraction from label references (HO)
Package: hycolor 2016/05/16 v1.8 Color options for hyperref/bookmark (HO)
)
(/usr/local/texlive/2016/texmf-dist/tex/latex/oberdiek/auxhook.sty
Package: auxhook 2016/05/16 v1.4 Hooks for auxiliary files (HO)
)
(/usr/local/texlive/2016/texmf-dist/tex/latex/oberdiek/kvoptions.sty
Package: kvoptions 2016/05/16 v3.12 Key value format for package options (HO)
)
\@linkdim=\dimen197
\Hy@linkcounter=\count157
\Hy@pagecounter=\count158

(/usr/local/texlive/2016/texmf-dist/tex/latex/hyperref/pd1enc.def
File: pd1enc.def 2016/05/05 v6.83n Hyperref: PDFDocEncoding definition (HO)
)
\Hy@SavedSpaceFactor=\count159

(/usr/local/texlive/2016/texmf-dist/tex/latex/latexconfig/hyperref.cfg
File: hyperref.cfg 2002/06/06 v1.2 hyperref configuration of TeXLive
)
Package hyperref Info: Option `colorlinks' set `true' on input line 4322.
Package hyperref Info: Hyper figures OFF on input line 4446.
Package hyperref Info: Link nesting OFF on input line 4451.
Package hyperref Info: Hyper index ON on input line 4454.
Package hyperref Info: Plain pages OFF on input line 4461.
Package hyperref Info: Backreferencing OFF on input line 4466.
Package hyperref Info: Implicit mode ON; LaTeX internals redefined.
Package hyperref Info: Bookmarks ON on input line 4691.
\c@Hy@tempcnt=\count160
LaTeX Info: Redefining \url on input line 5044.
\XeTeXLinkMargin=\dimen198
\Fld@menulength=\count161
\Field@Width=\dimen199
\Fld@charsize=\dimen256
Package hyperref Info: Hyper figures OFF on input line 6298.
Package hyperref Info: Link nesting OFF on input line 6303.
Package hyperref Info: Hyper index ON on input line 6306.
Package hyperref Info: backreferencing OFF on input line 6313.
Package hyperref Info: Link coloring ON on input line 6316.
Package hyperref Info: Link coloring with OCG OFF on input line 6323.
Package hyperref Info: PDF/A mode OFF on input line 6328.
LaTeX Info: Redefining \ref on input line 6368.
LaTeX Info: Redefining \pageref on input line 6372.
\Hy@abspage=\count162
\c@Item=\count163
\c@Hfootnote=\count164
)

Package hyperref Message: Driver (autodetected): hxetex.

(/usr/local/texlive/2016/texmf-dist/tex/latex/hyperref/hxetex.def
File: hxetex.def 2016/05/05 v6.83n Hyperref driver for XeTeX

(/usr/local/texlive/2016/texmf-dist/tex/latex/hyperref/puenc.def
File: puenc.def 2016/05/05 v6.83n Hyperref: PDF Unicode definition (HO)
)
(/usr/local/texlive/2016/texmf-dist/tex/generic/oberdiek/stringenc.sty
Package: stringenc 2016/05/16 v1.11 Convert strings between diff. encodings (HO
)
)
\pdfm@box=\box70
\c@Hy@AnnotLevel=\count165
\HyField@AnnotCount=\count166
\Fld@listcount=\count167
\c@bookmark@seq@number=\count168

(/usr/local/texlive/2016/texmf-dist/tex/latex/oberdiek/rerunfilecheck.sty
Package: rerunfilecheck 2016/05/16 v1.8 Rerun checks for auxiliary files (HO)
Package rerunfilecheck Info: Feature \pdfmdfivesum is not available
(rerunfilecheck)             (e.g. pdfTeX or LuaTeX with package `pdftexcmds').

(rerunfilecheck)             Therefore file contents cannot be checked efficien
tly
(rerunfilecheck)             and the loading of the package is aborted.
)
\Hy@SectionHShift=\skip55
)
(/usr/local/texlive/2016/texmf-dist/tex/latex/tools/varioref.sty
Package: varioref 2016/02/16 v1.5c package for extended references (FMi)
\c@vrcnt=\count169
)
(/usr/local/texlive/2016/texmf-dist/tex/latex/jknapltx/mathrsfs.sty
Package: mathrsfs 1996/01/01 Math RSFS package v1.0 (jk)
\symrsfs=\mathgroup6
)
(/usr/local/texlive/2016/texmf-dist/tex/latex/natbib/natbib.sty
Package: natbib 2010/09/13 8.31b (PWD, AO)
\bibhang=\skip56
\bibsep=\skip57
LaTeX Info: Redefining \cite on input line 694.
\c@NAT@ctr=\count170
)
(/usr/local/texlive/2016/texmf-dist/tex/latex/caption/subcaption.sty
Package: subcaption 2016/02/20 v1.1-142 Sub-captions (AR)

(/usr/local/texlive/2016/texmf-dist/tex/latex/caption/caption.sty
Package: caption 2016/02/21 v3.3-144 Customizing captions (AR)

(/usr/local/texlive/2016/texmf-dist/tex/latex/caption/caption3.sty
Package: caption3 2016/02/04 v1.7-139 caption3 kernel (AR)
Package caption3 Info: TeX engine: e-TeX on input line 67.
\captionmargin=\dimen257
\captionmargin@=\dimen258
\captionwidth=\dimen259
\caption@tempdima=\dimen260
\caption@indent=\dimen261
\caption@parindent=\dimen262
\caption@hangindent=\dimen263
)
\c@ContinuedFloat=\count171
Package caption Info: float package is loaded.
Package caption Info: hyperref package is loaded.
)
\c@subfigure=\count172
\c@subtable=\count173
)
(/usr/local/texlive/2016/texmf-dist/tex/latex/changes/changes.sty
Package: changes 2015/04/27 v2.0.4 changes package

*** changes package 2015/04/27 v2.0.4 ***
(/usr/local/texlive/2016/texmf-dist/tex/latex/xkeyval/xkeyval.sty
Package: xkeyval 2014/12/03 v2.7a package option processing (HA)

(/usr/local/texlive/2016/texmf-dist/tex/generic/xkeyval/xkeyval.tex
(/usr/local/texlive/2016/texmf-dist/tex/generic/xkeyval/xkvutils.tex
\XKV@toks=\toks50
\XKV@tempa@toks=\toks51
)
\XKV@depth=\count174
File: xkeyval.tex 2014/12/03 v2.7a key=value parser (HA)
))
(/usr/local/texlive/2016/texmf-dist/tex/latex/xifthen/xifthen.sty
Package: xifthen 2015/11/05 v1.4.0 Extended ifthen features

(/usr/local/texlive/2016/texmf-dist/tex/latex/tools/calc.sty
Package: calc 2014/10/28 v4.3 Infix arithmetic (KKT,FJ)
\calc@Acount=\count175
\calc@Bcount=\count176
\calc@Adimen=\dimen264
\calc@Bdimen=\dimen265
\calc@Askip=\skip58
\calc@Bskip=\skip59
LaTeX Info: Redefining \setlength on input line 80.
LaTeX Info: Redefining \addtolength on input line 81.
\calc@Ccount=\count177
\calc@Cskip=\skip60
)
(/usr/local/texlive/2016/texmf-dist/tex/latex/ifmtarg/ifmtarg.sty
Package: ifmtarg 2009/09/02 v1.2a check for an empty argument
))
changes-option 'final'
changes-option 'authormarkup=none'
(/usr/local/texlive/2016/texmf-dist/tex/latex/oberdiek/pdfcolmk.sty
Package: pdfcolmk 2016/05/16 v1.3 Color support for pdfTeX via marks (HO)


Package pdfcolmk Warning: Nothing to fix, because `pdftex.def' not loaded.

) (/usr/local/texlive/2016/texmf-dist/tex/generic/ulem/ulem.sty
\UL@box=\box71
\UL@hyphenbox=\box72
\UL@skip=\skip61
\UL@hook=\toks52
\UL@height=\dimen266
\UL@pe=\count178
\UL@pixel=\dimen267
\ULC@box=\box73
Package: ulem 2012/05/18
\ULdepth=\dimen268
)
\c@Changes@AuthorCount=\count179
\c@Changes@Author=\count180
\c@Changes@AddCount=\count181
\c@Changes@DeleteCount=\count182
\c@Changes@ReplaceCount=\count183

(/usr/local/texlive/2016/texmf-dist/tex/latex/truncate/truncate.sty
Package: truncate 2001/08/20  ver 3.6
\@Trunc@RestHyph=\toks53
)
\Changes@Len@summ=\skip62
)
(/usr/local/texlive/2016/texmf-dist/tex/latex/framed/framed.sty
Package: framed 2011/10/22 v 0.96: framed or shaded text with page breaks
\OuterFrameSep=\skip63
\fb@frw=\dimen269
\fb@frh=\dimen270
\FrameRule=\dimen271
\FrameSep=\dimen272
)
(/usr/local/texlive/2016/texmf-dist/tex/latex/setspace/setspace.sty
Package: setspace 2011/12/19 v6.7a set line spacing
)
(/usr/local/texlive/2016/texmf-dist/tex/latex/paralist/paralist.sty
Package: paralist 2015/12/30 v2.5 Extended list environments
\pltopsep=\skip64
\plpartopsep=\skip65
\plitemsep=\skip66
\plparsep=\skip67
\pl@lab=\toks54
)
(/usr/local/texlive/2016/texmf-dist/tex/latex/multibib/multibib.sty
Package: multibib 2008/12/10 v1.4 Multiple bibliographies for one document.
\mb@biblabelwidth=\count184
)
\@auxoutman=\write4
 (./man.aux)
\openout4 = `man.aux'.

\@auxouttalks=\write5
 (./talks.aux)
\openout5 = `talks.aux'.

\@auxoutconf=\write6
 (./conf.aux)
\openout6 = `conf.aux'.

\@auxoutreferences=\write7
 (./references.aux)
\openout7 = `references.aux'.


(/usr/local/texlive/2016/texmf-dist/tex/latex/tools/array.sty
Package: array 2014/10/28 v2.4c Tabular extension package (FMi)
\col@sep=\dimen273
\extrarowheight=\dimen274
\NC@list=\toks55
\extratabsurround=\skip68
\backup@length=\skip69
))
(./neurodata.sty
(/usr/local/texlive/2016/texmf-dist/tex/latex/titlesec/titlesec.sty
Package: titlesec 2016/03/21 v2.10.2 Sectioning titles
\ttl@box=\box74
\beforetitleunit=\skip70
\aftertitleunit=\skip71
\ttl@plus=\dimen275
\ttl@minus=\dimen276
\ttl@toksa=\toks56
\titlewidth=\dimen277
\titlewidthlast=\dimen278
\titlewidthfirst=\dimen279
)
(/usr/local/texlive/2016/texmf-dist/tex/latex/fontspec/fontspec.sty
(/usr/local/texlive/2016/texmf-dist/tex/latex/l3kernel/expl3.sty
Package: expl3 2016/05/18 v6512 L3 programming layer (loader) 

(/usr/local/texlive/2016/texmf-dist/tex/latex/l3kernel/expl3-code.tex
Package: expl3 2016/05/18 v6512 L3 programming layer (code)
L3 Module: l3bootstrap 2016/02/12 v6412 L3 Bootstrap code
L3 Module: l3names 2016/03/11 v6433 L3 Namespace for primitives
L3 Module: l3basics 2015/11/22 v6315 L3 Basic definitions
L3 Module: l3expan 2015/09/10 v5983 L3 Argument expansion
L3 Module: l3tl 2016/03/26 v6465 L3 Token lists
L3 Module: l3str 2016/03/24 v6441 L3 Strings
L3 Module: l3seq 2015/08/05 v5777 L3 Sequences and stacks
L3 Module: l3int 2016/03/24 v6441 L3 Integers
\c_max_int=\count185
\l_tmpa_int=\count186
\l_tmpb_int=\count187
\g_tmpa_int=\count188
\g_tmpb_int=\count189
L3 Module: l3quark 2015/08/17 v5855 L3 Quarks
L3 Module: l3prg 2015/11/01 v6216 L3 Control structures
\g__prg_map_int=\count190
L3 Module: l3clist 2015/09/02 v5901 L3 Comma separated lists
L3 Module: l3token 2016/04/03 v6470 L3 Experimental token manipulation
L3 Module: l3prop 2016/01/05 v6366 L3 Property lists
L3 Module: l3msg 2016/03/26 v6464 L3 Messages
L3 Module: l3file 2016/03/25 v6458 L3 File and I/O operations
\l_iow_line_count_int=\count191
\l__iow_target_count_int=\count192
\l__iow_current_line_int=\count193
\l__iow_current_word_int=\count194
\l__iow_current_indentation_int=\count195
L3 Module: l3skip 2016/01/05 v6366 L3 Dimensions and skips
\c_zero_dim=\dimen280
\c_max_dim=\dimen281
\l_tmpa_dim=\dimen282
\l_tmpb_dim=\dimen283
\g_tmpa_dim=\dimen284
\g_tmpb_dim=\dimen285
\c_zero_skip=\skip72
\c_max_skip=\skip73
\l_tmpa_skip=\skip74
\l_tmpb_skip=\skip75
\g_tmpa_skip=\skip76
\g_tmpb_skip=\skip77
\c_zero_muskip=\muskip12
\c_max_muskip=\muskip13
\l_tmpa_muskip=\muskip14
\l_tmpb_muskip=\muskip15
\g_tmpa_muskip=\muskip16
\g_tmpb_muskip=\muskip17
L3 Module: l3keys 2015/11/17 v6284 L3 Key-value interfaces
\g__keyval_level_int=\count196
\l_keys_choice_int=\count197
L3 Module: l3fp 2016/03/26 v6465 L3 Floating points
\c__fp_leading_shift_int=\count198
\c__fp_middle_shift_int=\count199
\c__fp_trailing_shift_int=\count266
\c__fp_big_leading_shift_int=\count267
\c__fp_big_middle_shift_int=\count268
\c__fp_big_trailing_shift_int=\count269
\c__fp_Bigg_leading_shift_int=\count270
\c__fp_Bigg_middle_shift_int=\count271
\c__fp_Bigg_trailing_shift_int=\count272
L3 Module: l3box 2015/08/09 v5822 L3 Experimental boxes
\c_empty_box=\box75
\l_tmpa_box=\box76
\l_tmpb_box=\box77
\g_tmpa_box=\box78
\g_tmpb_box=\box79
L3 Module: l3coffins 2016/05/17 v6508 L3 Coffin code layer
\l__coffin_internal_box=\box80
\l__coffin_internal_dim=\dimen286
\l__coffin_offset_x_dim=\dimen287
\l__coffin_offset_y_dim=\dimen288
\l__coffin_x_dim=\dimen289
\l__coffin_y_dim=\dimen290
\l__coffin_x_prime_dim=\dimen291
\l__coffin_y_prime_dim=\dimen292
\c_empty_coffin=\box81
\l__coffin_aligned_coffin=\box82
\l__coffin_aligned_internal_coffin=\box83
\l_tmpa_coffin=\box84
\l_tmpb_coffin=\box85
\l__coffin_display_coffin=\box86
\l__coffin_display_coord_coffin=\box87
\l__coffin_display_pole_coffin=\box88
\l__coffin_display_offset_dim=\dimen293
\l__coffin_display_x_dim=\dimen294
\l__coffin_display_y_dim=\dimen295
L3 Module: l3color 2014/08/23 v5354 L3 Experimental color support
L3 Module: l3sys 2015/09/25 v6087 L3 Experimental system/runtime functions
L3 Module: l3candidates 2016/05/13 v6484 L3 Experimental additions to l3kernel
\l__box_top_dim=\dimen296
\l__box_bottom_dim=\dimen297
\l__box_left_dim=\dimen298
\l__box_right_dim=\dimen299
\l__box_top_new_dim=\dimen300
\l__box_bottom_new_dim=\dimen301
\l__box_left_new_dim=\dimen302
\l__box_right_new_dim=\dimen303
\l__box_internal_box=\box89
\l__coffin_bounding_shift_dim=\dimen304
\l__coffin_left_corner_dim=\dimen305
\l__coffin_right_corner_dim=\dimen306
\l__coffin_bottom_corner_dim=\dimen307
\l__coffin_top_corner_dim=\dimen308
\l__coffin_scaled_total_height_dim=\dimen309
\l__coffin_scaled_width_dim=\dimen310
L3 Module: l3luatex 2016/03/26 v6465 L3 Experimental LuaTeX-specific functions
)
(/usr/local/texlive/2016/texmf-dist/tex/latex/l3kernel/l3xdvipdfmx.def
File: l3xdvidpfmx.def 2016/03/26 v6465 L3 Experimental driver: xdvipdfmx
\l__driver_tmp_box=\box90
))
(/usr/local/texlive/2016/texmf-dist/tex/latex/l3packages/xparse/xparse.sty
Package: xparse 2016/05/18 v6512 L3 Experimental document command parser
\l__xparse_current_arg_int=\count273
\l__xparse_m_args_int=\count274
\l__xparse_mandatory_args_int=\count275
\l__xparse_processor_int=\count276
\l__xparse_v_nesting_int=\count277
)
Package: fontspec 2016/02/01 v2.5a Font selection for XeLaTeX and LuaLaTeX

(/usr/local/texlive/2016/texmf-dist/tex/latex/fontspec/fontspec-xetex.sty
Package: fontspec-xetex 2016/02/01 v2.5a Font selection for XeLaTeX and LuaLaTe
X
\l_fontspec_script_int=\count278
\l_fontspec_language_int=\count279
\l_fontspec_strnum_int=\count280
\l__fontspec_tmpa_dim=\dimen311
\l__fontspec_tmpb_dim=\dimen312
\l__fontspec_tmpc_dim=\dimen313
\g__file_internal_ior=\read3

(/usr/local/texlive/2016/texmf-dist/tex/latex/base/fontenc.sty
Package: fontenc 2005/09/27 v1.99g Standard LaTeX package

(/usr/local/texlive/2016/texmf-dist/tex/latex/euenc/eu1enc.def
File: eu1enc.def 2010/05/27 v0.1h Experimental Unicode font encodings
)
LaTeX Font Info:    Try loading font information for EU1+lmr on input line 105.


(/usr/local/texlive/2016/texmf-dist/tex/latex/euenc/eu1lmr.fd
File: eu1lmr.fd 2009/10/30 v1.6 Font defs for Latin Modern
))
(/usr/local/texlive/2016/texmf-dist/tex/xelatex/xunicode/xunicode.sty
File: xunicode.sty 2011/09/09 v0.981 provides access to latin accents and many 
other characters in Unicode lower plane

(/usr/local/texlive/2016/texmf-dist/tex/latex/tipa/t3enc.def
File: t3enc.def 2001/12/31 T3 encoding
LaTeX Font Info:    Try loading font information for EU1+lmss on input line 357
.

(/usr/local/texlive/2016/texmf-dist/tex/latex/euenc/eu1lmss.fd
File: eu1lmss.fd 2009/10/30 v1.6 Font defs for Latin Modern
))
\tipaTiiicode=\count281
\tipasavetokens=\toks57
\tipachecktokens=\toks58
)
.................................................
. LaTeX info: "xparse/define-command"
. 
. Defining command \__fontspec_post_arg:w with sig. 'mmO{}' on line 353.
.................................................
.................................................
. LaTeX info: "xparse/define-command"
. 
. Defining command \fontspec with sig. 'om' on line 355.
.................................................
.................................................
. LaTeX info: "xparse/define-command"
. 
. Defining command \setmainfont with sig. 'om' on line 365.
.................................................
.................................................
. LaTeX info: "xparse/define-command"
. 
. Defining command \setsansfont with sig. 'om' on line 375.
.................................................
.................................................
. LaTeX info: "xparse/define-command"
. 
. Defining command \setmonofont with sig. 'om' on line 385.
.................................................
.................................................
. LaTeX info: "xparse/define-command"
. 
. Defining command \setmathrm with sig. 'om' on line 399.
.................................................
.................................................
. LaTeX info: "xparse/define-command"
. 
. Defining command \setboldmathrm with sig. 'om' on line 407.
.................................................
.................................................
. LaTeX info: "xparse/define-command"
. 
. Defining command \setmathsf with sig. 'om' on line 415.
.................................................
.................................................
. LaTeX info: "xparse/define-command"
. 
. Defining command \setmathtt with sig. 'om' on line 423.
.................................................
.................................................
. LaTeX info: "xparse/define-command"
. 
. Defining command \newfontfamily with sig. 'mom' on line 437.
.................................................
.................................................
. LaTeX info: "xparse/define-command"
. 
. Defining command \newfontface with sig. 'mom' on line 453.
.................................................
.................................................
. LaTeX info: "xparse/define-command"
. 
. Defining command \defaultfontfeatures with sig. 't+om' on line 467.
.................................................
.................................................
. LaTeX info: "xparse/define-command"
. 
. Defining command \addfontfeatures with sig. 'm' on line 529.
.................................................
.................................................
. LaTeX info: "xparse/define-command"
. 
. Defining command \newfontfeature with sig. 'mm' on line 540.
.................................................
.................................................
. LaTeX info: "xparse/define-command"
. 
. Defining command \newAATfeature with sig. 'mmmm' on line 548.
.................................................
.................................................
. LaTeX info: "xparse/define-command"
. 
. Defining command \newopentypefeature with sig. 'mmm' on line 556.
.................................................
.................................................
. LaTeX info: "xparse/define-command"
. 
. Defining command \aliasfontfeature with sig. 'mm' on line 577.
.................................................
.................................................
. LaTeX info: "xparse/define-command"
. 
. Defining command \aliasfontfeatureoption with sig. 'mmm' on line 586.
.................................................
.................................................
. LaTeX info: "xparse/define-command"
. 
. Defining command \newfontscript with sig. 'mm' on line 590.
.................................................
.................................................
. LaTeX info: "xparse/define-command"
. 
. Defining command \newfontlanguage with sig. 'mm' on line 594.
.................................................
.................................................
. LaTeX info: "xparse/define-command"
. 
. Defining command \DeclareFontsExtensions with sig. 'm' on line 599.
.................................................
\l__fontspec_tmp_int=\count282

(/usr/local/texlive/2016/texmf-dist/tex/latex/fontspec/fontspec.cfg)
LaTeX Info: Redefining \itshape on input line 2705.
LaTeX Info: Redefining \slshape on input line 2710.
LaTeX Info: Redefining \scshape on input line 2715.
LaTeX Info: Redefining \upshape on input line 2720.
\l__fontspec_em_int=\count283
\l__fontspec_emdef_int=\count284
LaTeX Info: Redefining \em on input line 2736.
LaTeX Info: Redefining \emph on input line 2742.
LaTeX Info: Redefining \- on input line 2746.
.................................................
. LaTeX info: "xparse/redefine-command"
. 
. Redefining command \oldstylenums with sig. 'm' on line 2841.
.................................................
.................................................
. LaTeX info: "xparse/define-command"
. 
. Defining command \liningnums with sig. 'm' on line 2845.
.................................................
))
\g__fontspec_family_[Gentona-Light.ttf]_int=\count285
.................................................
. fontspec info: "defining-font"
. 
. Font family '[Gentona-Light.ttf](0)' created for font '[Gentona-Light.ttf]'
. with options [Ligatures=TeX,BoldFont={[Gentona-Medium.ttf]}].
. 
. This font family consists of the following NFSS series/shapes:
. - 'normal' (m/n) with NFSS spec.:
. <->"[Gentona-Light]/OT:script=latn;language=DFLT;mapping=tex-text;"
. - 'small caps'  (m/sc) with NFSS spec.: - 'bold' (bx/n) with NFSS spec.:
. <->"[Gentona-Medium]/OT:script=latn;language=DFLT;mapping=tex-text;"
. - 'bold small caps'  (bx/sc) with NFSS spec.: - 'italic' (m/it) with NFSS
. spec.: <->"[Gentona-Light]/I/OT:script=latn;language=DFLT;mapping=tex-text;"
. - 'italic small caps'  (m/itsc) with NFSS spec.: - 'bold italic' (bx/it)
. with NFSS spec.:
. <->"[Gentona-Medium]/I/OT:script=latn;language=DFLT;mapping=tex-text;"
. - 'bold italic small caps'  (bx/itsc) with NFSS spec.: 
.................................................
\g__fontspec_family_[Quadon_W00_Bold.ttf]_int=\count286
.................................................
. fontspec info: "defining-font"
. 
. Font family '[Quadon_W00_Bold.ttf](0)' created for font
. '[Quadon_W00_Bold.ttf]' with options [Ligatures=TeX].
. 
. This font family consists of the following NFSS series/shapes:
. - 'normal' (m/n) with NFSS spec.:
. <->"[Quadon_W00_Bold]/OT:script=latn;language=DFLT;mapping=tex-text;"
. - 'small caps'  (m/sc) with NFSS spec.: - 'bold' (bx/n) with NFSS spec.:
. <->"[Quadon_W00_Bold]/B/OT:script=latn;language=DFLT;mapping=tex-text;"
. - 'bold small caps'  (bx/sc) with NFSS spec.: - 'italic' (m/it) with NFSS
. spec.:
. <->"[Quadon_W00_Bold]/I/OT:script=latn;language=DFLT;mapping=tex-text;"
. - 'italic small caps'  (m/itsc) with NFSS spec.: - 'bold italic' (bx/it)
. with NFSS spec.:
. <->"[Quadon_W00_Bold]/BI/OT:script=latn;language=DFLT;mapping=tex-text;"
. - 'bold italic small caps'  (bx/itsc) with NFSS spec.: 
.................................................
.................................................
. fontspec info: "defining-font"
. 
. Font family '[Quadon_W00_Bold.ttf](1)' created for font
. '[Quadon_W00_Bold.ttf]' with options [].
. 
. This font family consists of the following NFSS series/shapes:
. - 'normal' (m/n) with NFSS spec.:
. <->"[Quadon_W00_Bold]/OT:script=latn;language=DFLT;"
. - 'small caps'  (m/sc) with NFSS spec.: - 'bold' (bx/n) with NFSS spec.:
. <->"[Quadon_W00_Bold]/B/OT:script=latn;language=DFLT;"
. - 'bold small caps'  (bx/sc) with NFSS spec.: - 'italic' (m/it) with NFSS
. spec.: <->"[Quadon_W00_Bold]/I/OT:script=latn;language=DFLT;"
. - 'italic small caps'  (m/itsc) with NFSS spec.: - 'bold italic' (bx/it)
. with NFSS spec.: <->"[Quadon_W00_Bold]/BI/OT:script=latn;language=DFLT;"
. - 'bold italic small caps'  (bx/itsc) with NFSS spec.: 
.................................................

(/usr/local/texlive/2016/texmf-dist/tex/latex/tcolorbox/tcolorbox.sty
Package: tcolorbox 2016/04/27 version 3.91 text color boxes

(/usr/local/texlive/2016/texmf-dist/tex/latex/environ/environ.sty
Package: environ 2014/05/04 v0.3 A new way to define environments

(/usr/local/texlive/2016/texmf-dist/tex/latex/trimspaces/trimspaces.sty
Package: trimspaces 2009/09/17 v1.1 Trim spaces around a token list
))
(/usr/local/texlive/2016/texmf-dist/tex/latex/etoolbox/etoolbox.sty
Package: etoolbox 2015/08/02 v2.2a e-TeX tools for LaTeX (JAW)
\etb@tempcnta=\count287
)
\tcb@titlebox=\box91
\tcb@upperbox=\box92
\tcb@lowerbox=\box93
\tcb@phantombox=\box94
\c@tcbbreakpart=\count288
\c@tcblayer=\count289
\tcolorbox@number=\count290
\tcb@temp=\box95
\tcb@temp=\box96
\tcb@temp=\box97
\tcb@temp=\box98
\tcb@out=\write8
\tcb@record@out=\write9
)
(/usr/local/texlive/2016/texmf-dist/tex/latex/background/background.sty
Package: background 2014/03/04 v2.1 background material

(/usr/local/texlive/2016/texmf-dist/tex/latex/everypage/everypage.sty
Package: everypage 2007/06/20 1.1 Hooks to run on every page
)
(/usr/local/texlive/2016/texmf-dist/tex/latex/tools/afterpage.sty
Package: afterpage 2014/10/28 v1.08 After-Page Package (DPC)
\AP@output=\toks59
\AP@partial=\box99
\AP@footins=\box100
))
(/usr/local/texlive/2016/texmf-dist/tex/latex/lastpage/lastpage.sty
Package: lastpage 2015/03/29 v1.2m Refers to last page's name (HMM; JPG)
)
(/usr/local/texlive/2016/texmf-dist/tex/latex/endnotes/endnotes.sty
\c@endnote=\count291
\endnotesep=\dimen314
\@enotes=\write10
))
(./simplex.aux)
Runaway argument?
{{3}{6}{A one dimensional heatmap for each of the $\log _{10}$ transf\ETC.
./simplex.tex:7: File ended while scanning use of \@newl@bel.
<inserted text> 
                \par 
l.7 \begin{document}
                    
I suspect you have forgotten a `}', causing me
to read past where you wanted me to stop.
I'll try to recover; but if the error is serious,
you'd better type `E' or `X' now and fix your file.

\openout1 = `simplex.aux'.

LaTeX Font Info:    Checking defaults for OML/cmm/m/it on input line 7.
LaTeX Font Info:    ... okay on input line 7.
LaTeX Font Info:    Checking defaults for T1/cmr/m/n on input line 7.
LaTeX Font Info:    ... okay on input line 7.
LaTeX Font Info:    Checking defaults for OT1/cmr/m/n on input line 7.
LaTeX Font Info:    ... okay on input line 7.
LaTeX Font Info:    Checking defaults for OMS/cmsy/m/n on input line 7.
LaTeX Font Info:    ... okay on input line 7.
LaTeX Font Info:    Checking defaults for OMX/cmex/m/n on input line 7.
LaTeX Font Info:    ... okay on input line 7.
LaTeX Font Info:    Checking defaults for U/cmr/m/n on input line 7.
LaTeX Font Info:    ... okay on input line 7.
LaTeX Font Info:    Checking defaults for PD1/pdf/m/n on input line 7.
LaTeX Font Info:    ... okay on input line 7.
LaTeX Font Info:    Checking defaults for PU/pdf/m/n on input line 7.
LaTeX Font Info:    ... okay on input line 7.
LaTeX Font Info:    Checking defaults for EU1/lmr/m/n on input line 7.
LaTeX Font Info:    ... okay on input line 7.
LaTeX Font Info:    Checking defaults for T3/cmr/m/n on input line 7.
LaTeX Font Info:    Try loading font information for T3+cmr on input line 7.
(/usr/local/texlive/2016/texmf-dist/tex/latex/tipa/t3cmr.fd
File: t3cmr.fd 2001/12/31 TIPA font definitions
)
LaTeX Font Info:    ... okay on input line 7.

*geometry* driver: auto-detecting
*geometry* detected driver: xetex
*geometry* verbose mode - [ preamble ] result:
* driver: xetex
* paper: letterpaper
* layout: <same size as paper>
* layoutoffset:(h,v)=(0.0pt,0.0pt)
* modes: 
* h-part:(L,W,R)=(72.26999pt, 469.75502pt, 72.26999pt)
* v-part:(T,H,B)=(72.26999pt, 650.43001pt, 72.26999pt)
* \paperwidth=614.295pt
* \paperheight=794.96999pt
* \textwidth=469.75502pt
* \textheight=650.43001pt
* \oddsidemargin=0.0pt
* \evensidemargin=0.0pt
* \topmargin=-37.0pt
* \headheight=12.0pt
* \headsep=25.0pt
* \topskip=12.0pt
* \footskip=30.0pt
* \marginparwidth=44.0pt
* \marginparsep=10.0pt
* \columnsep=28.45274pt
* \skip\footins=10.8pt plus 4.0pt minus 2.0pt
* \hoffset=0.0pt
* \voffset=0.0pt
* \mag=1000
* \@twocolumnfalse
* \@twosidefalse
* \@mparswitchfalse
* \@reversemarginfalse
* (1in=72.27pt=25.4mm, 1cm=28.453pt)

ABD: EveryShipout initializing macros
Package pgfplots notification 'compat/show suggested version=true': document ha
s been generated with the most recent feature set (\pgfplotsset{compat=1.13}).

\AtBeginShipoutBox=\box101
Package hyperref Info: Link coloring ON on input line 7.
(/usr/local/texlive/2016/texmf-dist/tex/latex/hyperref/nameref.sty
Package: nameref 2012/10/27 v2.43 Cross-referencing by name of section

(/usr/local/texlive/2016/texmf-dist/tex/generic/oberdiek/gettitlestring.sty
Package: gettitlestring 2016/05/16 v1.5 Cleanup title references (HO)
)
\c@section@level=\count292
LaTeX Info: Redefining \Ref on input line 513.
)
LaTeX Info: Redefining \ref on input line 7.
LaTeX Info: Redefining \pageref on input line 7.
LaTeX Info: Redefining \nameref on input line 7.

(./simplex.out) (./simplex.out)
\@outlinefile=\write11
\openout11 = `simplex.out'.

LaTeX Info: Redefining \Ref on input line 7.
Package caption Info: Begin \AtBeginDocument code.
Package caption Info: End \AtBeginDocument code.
.................................................
. fontspec info: "setup-math"
. 
. Adjusting the maths setup (use [no-math] to avoid this).
.................................................
\symlegacymaths=\mathgroup7
LaTeX Font Info:    Overwriting symbol font `legacymaths' in version `bold'
(Font)                  OT1/cmr/m/n --> OT1/cmr/bx/n on input line 7.
LaTeX Font Info:    Redeclaring math accent \acute on input line 7.
LaTeX Font Info:    Redeclaring math accent \grave on input line 7.
LaTeX Font Info:    Redeclaring math accent \ddot on input line 7.
LaTeX Font Info:    Redeclaring math accent \tilde on input line 7.
LaTeX Font Info:    Redeclaring math accent \bar on input line 7.
LaTeX Font Info:    Redeclaring math accent \breve on input line 7.
LaTeX Font Info:    Redeclaring math accent \check on input line 7.
LaTeX Font Info:    Redeclaring math accent \hat on input line 7.
LaTeX Font Info:    Redeclaring math accent \dot on input line 7.
LaTeX Font Info:    Redeclaring math accent \mathring on input line 7.
LaTeX Font Info:    Redeclaring math symbol \Gamma on input line 7.
LaTeX Font Info:    Redeclaring math symbol \Delta on input line 7.
LaTeX Font Info:    Redeclaring math symbol \Theta on input line 7.
LaTeX Font Info:    Redeclaring math symbol \Lambda on input line 7.
LaTeX Font Info:    Redeclaring math symbol \Xi on input line 7.
LaTeX Font Info:    Redeclaring math symbol \Pi on input line 7.
LaTeX Font Info:    Redeclaring math symbol \Sigma on input line 7.
LaTeX Font Info:    Redeclaring math symbol \Upsilon on input line 7.
LaTeX Font Info:    Redeclaring math symbol \Phi on input line 7.
LaTeX Font Info:    Redeclaring math symbol \Psi on input line 7.
LaTeX Font Info:    Redeclaring math symbol \Omega on input line 7.
LaTeX Font Info:    Redeclaring math symbol \mathdollar on input line 7.
LaTeX Font Info:    Redeclaring symbol font `operators' on input line 7.
LaTeX Font Info:    Encoding `OT1' has changed to `EU1' for symbol font
(Font)              `operators' in the math version `normal' on input line 7.
LaTeX Font Info:    Overwriting symbol font `operators' in version `normal'
(Font)                  OT1/cmr/m/n --> EU1/[Gentona-Light.ttf](0)/m/n on input
 line 7.
LaTeX Font Info:    Encoding `OT1' has changed to `EU1' for symbol font
(Font)              `operators' in the math version `bold' on input line 7.
LaTeX Font Info:    Overwriting symbol font `operators' in version `bold'
(Font)                  OT1/cmr/bx/n --> EU1/[Gentona-Light.ttf](0)/m/n on inpu
t line 7.
LaTeX Font Info:    Overwriting symbol font `operators' in version `normal'
(Font)                  EU1/[Gentona-Light.ttf](0)/m/n --> EU1/[Gentona-Light.t
tf](0)/m/n on input line 7.
LaTeX Font Info:    Overwriting math alphabet `\mathit' in version `normal'
(Font)                  OT1/cmr/m/it --> EU1/[Gentona-Light.ttf](0)/m/it on inp
ut line 7.
LaTeX Font Info:    Overwriting math alphabet `\mathbf' in version `normal'
(Font)                  OT1/cmr/bx/n --> EU1/[Gentona-Light.ttf](0)/bx/n on inp
ut line 7.
LaTeX Font Info:    Overwriting math alphabet `\mathsf' in version `normal'
(Font)                  OT1/cmss/m/n --> EU1/[Quadon_W00_Bold.ttf](0)/m/n on in
put line 7.
LaTeX Font Info:    Overwriting math alphabet `\mathtt' in version `normal'
(Font)                  OT1/cmtt/m/n --> EU1/lmtt/m/n on input line 7.
LaTeX Font Info:    Overwriting symbol font `operators' in version `bold'
(Font)                  EU1/[Gentona-Light.ttf](0)/m/n --> EU1/[Gentona-Light.t
tf](0)/bx/n on input line 7.
LaTeX Font Info:    Overwriting math alphabet `\mathit' in version `bold'
(Font)                  OT1/cmr/bx/it --> EU1/[Gentona-Light.ttf](0)/bx/it on i
nput line 7.
LaTeX Font Info:    Overwriting math alphabet `\mathsf' in version `bold'
(Font)                  OT1/cmss/bx/n --> EU1/[Quadon_W00_Bold.ttf](0)/bx/n on 
input line 7.
LaTeX Font Info:    Overwriting math alphabet `\mathtt' in version `bold'
(Font)                  OT1/cmtt/m/n --> EU1/lmtt/bx/n on input line 7.
Package lastpage Info: Please have a look at the pageslts package at
(lastpage)             https://www.ctan.org/pkg/pageslts
(lastpage)             ! on input line 7.
 (./frontmatter.tex (./simplex.toc)
\tf@toc=\write12
\openout12 = `simplex.toc'.

LaTeX Font Info:    Try loading font information for U+msa on input line 18.

(/usr/local/texlive/2016/texmf-dist/tex/latex/amsfonts/umsa.fd
File: umsa.fd 2013/01/14 v3.01 AMS symbols A
)
LaTeX Font Info:    Try loading font information for U+msb on input line 18.

(/usr/local/texlive/2016/texmf-dist/tex/latex/amsfonts/umsb.fd
File: umsb.fd 2013/01/14 v3.01 AMS symbols B
)
LaTeX Font Info:    Try loading font information for U+rsfs on input line 18.

(/usr/local/texlive/2016/texmf-dist/tex/latex/jknapltx/ursfs.fd
File: ursfs.fd 1998/03/24 rsfs font definition file (jk)
)
File: neurodata_small.png Graphic file (type QTm)

<use  "neurodata_small.png" >
Overfull \hbox (2.1106pt too wide) has occurred while \output is active
[][][][][][]  
 []

(/usr/local/texlive/2016/texmf-dist/tex/generic/oberdiek/se-ascii-print.def
File: se-ascii-print.def 2016/05/16 v1.11 stringenc: Printable ASCII characters

)
[1

]
No file man.bbl.
No file talks.bbl.
File: neurodata_small.png Graphic file (type QTm)
<use  "neurodata_small.png" >
Overfull \hbox (2.1106pt too wide) has occurred while \output is active
[][][][][][]  
 []

[2]) (./LOL.tex
File: ../../figs/plot_all.pdf Graphic file (type QTm)
 <use  "../../figs/plot_all.pdf" >
File: neurodata_small.png Graphic file (type QTm)

<use  "neurodata_small.png" >
Overfull \hbox (2.1106pt too wide) has occurred while \output is active
[][][][][][]  
 []

[3

]
File: ../../figs/plot_real.pdf Graphic file (type QTm)
 <use  "../../figs/plot_real.pdf" >
File: ../../figs/scalability.pdf Graphic file (type QTm)
 <use  "../../figs/scalability.pdf" >
File: neurodata_small.png Graphic file (type QTm)

<use  "neurodata_small.png" >
Overfull \hbox (2.1106pt too wide) has occurred while \output is active
[][][][][][]  
 []

[4

]) (./meda.tex
Overfull \hbox (1.77167pt too wide) in paragraph at lines 19--21
[]\EU1/[Gentona-Light.ttf](0)/m/n/12 Example output generated from Fishers Iri
s data is here: [][]http://docs.neurodata.io/meda[][] 
 []

File: neurodata_small.png Graphic file (type QTm)
<use  "neurodata_small.png" >
Overfull \hbox (2.1106pt too wide) has occurred while \output is active
[][][][][][]  
 []

[5

]
LaTeX Font Info:    Try loading font information for EU1+lmtt on input line 93.

 (/usr/local/texlive/2016/texmf-dist/tex/latex/euenc/eu1lmtt.fd
File: eu1lmtt.fd 2009/10/30 v1.6 Font defs for Latin Modern
)

LaTeX Warning: Reference `fig:meda201701' on page 6 undefined on input line 95.



Overfull \hbox (18.03696pt too wide) in paragraph at lines 92--96
[]\EU1/[Gentona-Light.ttf](0)/m/n/12 For point 6 (a) in the above checklist we 
have developed functionality in []\EU1/lmtt/m/n/12 meda \EU1/[Gentona-Light.ttf
](0)/m/n/12 to plot 1-dimensional
 []

File: ../../figs/201701-meda-1dheat.pdf Graphic file (type QTm)
<use  "../../figs/201701-meda-1dheat.pdf" >
File: neurodata_small.png Graphic file (type QTm)
 <use  "neurodata_small.png" >
Overfull \hbox (2.1106pt too wide) has occurred while \output is active
[][][][][][]  
 []

[6]

LaTeX Warning: Reference `fig:meda201702' on page 7 undefined on input line 127
.


LaTeX Warning: Reference `fig:meda201702' on page 7 undefined on input line 130
.

File: ../../figs/meda_dend_201703.png Graphic file (type QTm)
<use  "../../figs/meda_dend_201703.png" >
File: ../../figs/meda_stacked_201703.png Graphic file (type QTm)

<use  "../../figs/meda_stacked_201703.png" >
File: neurodata_small.png Graphic file (type QTm)
 <use  "neurodata_small.png" >
Overfull \hbox (2.1106pt too wide) has occurred while \output is active
[][][][][][]  
 []

[7

]) (./MGC.tex

LaTeX Warning: Reference `fig:mgcall' on page 8 undefined on input line 7.

File: ../../figs/FigHDPowerSummary.png Graphic file (type QTm)
<use  "../../figs/FigHDPowerSummary.png" >
Overfull \hbox (2.78494pt too wide) in paragraph at lines 18--19
[]\EU1/[Gentona-Light.ttf](0)/m/n/12 Upon final draft polishing and addressing 
feedback from statisticians and biologists, the newest
 []

File: neurodata_small.png Graphic file (type QTm)
<use  "neurodata_small.png" >
Overfull \hbox (2.1106pt too wide) has occurred while \output is active
[][][][][][]  
 []

[8

]) (./multiscaleNetworkTest.tex

LaTeX Warning: Reference `fig:threeSBM201701' on page 9 undefined on input line
 21.

File: ../../figs/ThreeSBM.png Graphic file (type QTm)
<use  "../../figs/ThreeSBM.png" >
File: neurodata_small.png Graphic file (type QTm)
 <use  "neurodata_small.png" >
Overfull \hbox (2.1106pt too wide) has occurred while \output is active
[][][][][][]  
 []

[9

]

LaTeX Warning: Reference `fig:threeSBM201703' on page 10 undefined on input lin
e 44.

File: ../../figs/twoGraphs1.pdf Graphic file (type QTm)
<use  "../../figs/twoGraphs1.pdf" >
File: neurodata_small.png Graphic file (type QTm)
 <use  "neurodata_small.png" >
Overfull \hbox (2.1106pt too wide) has occurred while \output is active
[][][][][][]  
 []

[10

]) (./RerF.tex
File: ../../figs/rerF_benchmark.png Graphic file (type QTm)
 <use  "../../figs/rerF_benchmark.png" >
File: neurodata_small.png Graphic file (type QTm)

<use  "neurodata_small.png" >
Overfull \hbox (2.1106pt too wide) has occurred while \output is active
[][][][][][]  
 []

[11

]
Underfull \hbox (badness 10000) in paragraph at lines 44--49

 []

File: ../../figs/RerF_2017_02.png Graphic file (type QTm)
<use  "../../figs/RerF_2017_02.png" >
File: neurodata_small.png Graphic file (type QTm)
 <use  "neurodata_small.png" >
Overfull \hbox (2.1106pt too wide) has occurred while \output is active
[][][][][][]  
 []

[12

]
File: ../../figs/RerF_2017_03.png Graphic file (type QTm)
 <use  "../../figs/RerF_2017_03.png" >
File: neurodata_small.png Graphic file (type QTm)
 <use  "neurodata_small.png" >
Overfull \hbox (2.1106pt too wide) has occurred while \output is active
[][][][][][]  
 []

[13

]) (./nonparShape.tex

LaTeX Warning: Reference `fig:nonpar' on page 14 undefined on input line 10.

File: ../../figs/nonpar57.png Graphic file (type QTm)
<use  "../../figs/nonpar57.png" >
File: ../../figs/nonPar357.png Graphic file (type QTm)
 <use  "../../figs/nonPar357.png" >
File: neurodata_small.png Graphic file (type QTm)

<use  "neurodata_small.png" >
Overfull \hbox (2.1106pt too wide) has occurred while \output is active
[][][][][][]  
 []

[14

]

LaTeX Warning: Reference `fig:nonpar' on page 15 undefined on input line 101.

File: ../../figs/energy_hists.pdf Graphic file (type QTm)
<use  "../../figs/energy_hists.pdf" >
File: neurodata_small.png Graphic file (type QTm)
 <use  "neurodata_small.png" >
Overfull \hbox (2.1106pt too wide) has occurred while \output is active
[][][][][][]  
 []

[15

]

LaTeX Warning: Reference `eq:energy' on page 16 undefined on input line 148.


LaTeX Warning: Reference `eq:energy' on page 16 undefined on input line 155.


LaTeX Warning: Reference `eq:opt' on page 16 undefined on input line 173.


LaTeX Warning: Reference `eq:opt' on page 16 undefined on input line 176.


LaTeX Warning: Reference `eq:opt' on page 16 undefined on input line 177.


LaTeX Warning: Reference `fig:plots' on page 16 undefined on input line 179.


LaTeX Warning: Reference `eq:opt' on page 16 undefined on input line 180.


LaTeX Warning: Reference `eq:energy' on page 16 undefined on input line 182.


LaTeX Warning: Reference `eq:opt' on page 16 undefined on input line 184.


LaTeX Warning: Reference `eq:energy' on page 16 undefined on input line 184.

File: ../../figs/plot1.pdf Graphic file (type QTm)
<use  "../../figs/plot1.pdf" >
File: ../../figs/plot2.pdf Graphic file (type QTm)
 <use  "../../figs/plot2.pdf" >
Underfull \hbox (badness 10000) in paragraph at lines 193--195
[][]
 []

File: ../../figs/plot3.pdf Graphic file (type QTm)
<use  "../../figs/plot3.pdf" >
File: ../../figs/plot4.pdf Graphic file (type QTm)
 <use  "../../figs/plot4.pdf" >
Underfull \hbox (badness 10000) in paragraph at lines 197--199
[][]
 []


LaTeX Warning: Reference `eq:opt' on page 16 undefined on input line 207.


LaTeX Warning: Reference `eq:energy' on page 16 undefined on input line 207.


LaTeX Warning: Reference `eq:energy' on page 16 undefined on input line 207.

File: neurodata_small.png Graphic file (type QTm)
<use  "neurodata_small.png" >
Overfull \hbox (2.1106pt too wide) has occurred while \output is active
[][][][][][]  
 []

[16

]) (./discriminability.tex

LaTeX Warning: Reference `alg:dcl' on page 17 undefined on input line 37.

Package hyperref Info: bookmark level for unknown algorithm defaults to 0 on in
put line 43.

LaTeX Font Warning: Font shape `EU1/[Gentona-Light.ttf](0)/m/sc' undefined
(Font)              using `EU1/[Gentona-Light.ttf](0)/m/n' instead on input lin
e 48.

File: neurodata_small.png Graphic file (type QTm)
<use  "neurodata_small.png" >
Overfull \hbox (2.1106pt too wide) has occurred while \output is active
[][][][][][]  
 []

[17

]
File: neurodata_small.png Graphic file (type QTm)
 <use  "neurodata_small.png" >
Overfull \hbox (2.1106pt too wide) has occurred while \output is active
[][][][][][]  
 []

[18]
File: neurodata_small.png Graphic file (type QTm)
 <use  "neurodata_small.png" >
Overfull \hbox (2.1106pt too wide) has occurred while \output is active
[][][][][][]  
 []

[19]

LaTeX Warning: Reference `fig:cci1' on page 20 undefined on input line 159.

File: ../../figs/cci_data.png Graphic file (type QTm)
<use  "../../figs/cci_data.png" >
File: ../../figs/cci_data.png Graphic file (type QTm)
 <use  "../../figs/cci_data.png" >
File: neurodata_small.png Graphic file (type QTm)

<use  "neurodata_small.png" >
Overfull \hbox (2.1106pt too wide) has occurred while \output is active
[][][][][][]  
 []

[20

]) (./robustLOLG.tex

LaTeX Warning: Reference `fig:robDim' on page 21 undefined on input line 35.

File: ../../figs/CCI_m2g_ndmg_Weighted_q_0.9_EIG.png Graphic file (type QTm)
<use  "../../figs/CCI_m2g_ndmg_Weighted_q_0.9_EIG.png" >

LaTeX Warning: `!h' float specifier changed to `!ht'.

File: neurodata_small.png Graphic file (type QTm)
<use  "neurodata_small.png" >
Overfull \hbox (2.1106pt too wide) has occurred while \output is active
[][][][][][]  
 []

[21

]
File: neurodata_small.png Graphic file (type QTm)
 <use  "neurodata_small.png" >
Overfull \hbox (2.1106pt too wide) has occurred while \output is active
[][][][][][]  
 []

[22]
File: neurodata_small.png Graphic file (type QTm)
 <use  "neurodata_small.png" >
Overfull \hbox (2.1106pt too wide) has occurred while \output is active
[][][][][][]  
 []

[23

]
File: neurodata_small.png Graphic file (type QTm)
 <use  "neurodata_small.png" >
Overfull \hbox (2.1106pt too wide) has occurred while \output is active
[][][][][][]  
 []

[24

]) (./FlashX.tex
File: ../../figs/FlashR.vs.RRO.png Graphic file (type QTm)
 <use  "../../figs/FlashR.vs.RRO.png" >

LaTeX Warning: Reference `fig:flashr' on page 25 undefined on input line 33.

File: neurodata_small.png Graphic file (type QTm)
<use  "neurodata_small.png" >
Overfull \hbox (2.1106pt too wide) has occurred while \output is active
[][][][][][]  
 []

[25

]

LaTeX Warning: Reference `tbl:scale' on page 26 undefined on input line 45.

File: neurodata_small.png Graphic file (type QTm)
<use  "neurodata_small.png" >
Overfull \hbox (2.1106pt too wide) has occurred while \output is active
[][][][][][]  
 []

[26

]

LaTeX Warning: Reference `fig:FlashX' on page 27 undefined on input line 113.

File: ../../figs/hist-indeg.pdf Graphic file (type QTm)
<use  "../../figs/hist-indeg.pdf" >
File: ../../figs/pg_xy_heatmap.pdf Graphic file (type QTm)
 <use  "../../figs/pg_xy_heatmap.pdf" >
File: neurodata_small.png Graphic file (type QTm)

<use  "neurodata_small.png" >
Overfull \hbox (2.1106pt too wide) has occurred while \output is active
[][][][][][]  
 []

[27

]) (./ndstore.tex
File: neurodata_small.png Graphic file (type QTm)
 <use  "neurodata_small.png" >
Overfull \hbox (2.1106pt too wide) has occurred while \output is active
[][][][][][]  
 []

[28

]) (./ndviz.tex
Overfull \hbox (1.12805pt too wide) in paragraph at lines 9--10
[]\EU1/[Gentona-Light.ttf](0)/m/sc/12 Using WebGL for dynamic rendering improve
s both the performance and capability of a graph-
 []

File: ../../figs/ndviz3d_fig.jpg Graphic file (type QTm)
<use  "../../figs/ndviz3d_fig.jpg" >
File: neurodata_small.png Graphic file (type QTm)
 <use  "neurodata_small.png" >
Overfull \hbox (2.1106pt too wide) has occurred while \output is active
[][][][][][]  
 []

[29

]) (./knor.tex
Underfull \hbox (badness 10000) in paragraph at lines 16--18

 []


Underfull \hbox (badness 10000) in paragraph at lines 18--20

 []


Underfull \hbox (badness 10000) in paragraph at lines 24--30

 []


LaTeX Warning: Reference `fig:rmvm' on page 30 undefined on input line 36.


Underfull \hbox (badness 10000) in paragraph at lines 36--39

 []


Underfull \hbox (badness 10000) in paragraph at lines 42--46

 []

File: ../../figs/perf.iter.rmvm.png Graphic file (type QTm)
<use  "../../figs/perf.iter.rmvm.png" >
File: ../../figs/mem.rmvm.png Graphic file (type QTm)
 <use  "../../figs/mem.rmvm.png" >

LaTeX Warning: `!h' float specifier changed to `!ht'.

File: neurodata_small.png Graphic file (type QTm)
<use  "neurodata_small.png" >
Overfull \hbox (2.1106pt too wide) has occurred while \output is active
[][][][][][]  
 []

[30

]

LaTeX Warning: Text page 31 contains only floats.

File: neurodata_small.png Graphic file (type QTm)
<use  "neurodata_small.png" >
Overfull \hbox (2.1106pt too wide) has occurred while \output is active
[][][][][][]  
 []

[31]) (./ndreg.tex

LaTeX Warning: Reference `fig:ndregAiley' on page 32 undefined on input line 17
.

File: ../../figs/ndreg-ailey.png Graphic file (type QTm)
<use  "../../figs/ndreg-ailey.png" >
File: neurodata_small.png Graphic file (type QTm)
 <use  "neurodata_small.png" >
Overfull \hbox (2.1106pt too wide) has occurred while \output is active
[][][][][][]  
 []

[32

]

LaTeX Warning: Reference `fig:comparison' on page 33 undefined on input line 45
.

File: ../../figs/ssdCoronal.png Graphic file (type QTm)
<use  "../../figs/ssdCoronal.png" >
File: ../../figs/maskCoronal.png Graphic file (type QTm)
 <use  "../../figs/maskCoronal.png" >
File: ../../figs/miCoronal.png Graphic file (type QTm)

<use  "../../figs/miCoronal.png" >
File: ../../figs/lmkError.png Graphic file (type QTm)
 <use  "../../figs/lmkError.png" >

LaTeX Warning: Hyper reference `fig:clarityCoronalSSD' on page 33 undefined on 
input line 77.


LaTeX Warning: Reference `sub@fig:clarityCoronalSSD' on page 33 undefined on in
put line 77.


LaTeX Warning: Hyper reference `fig:clarityCoronalMask' on page 33 undefined on
 input line 77.


LaTeX Warning: Reference `sub@fig:clarityCoronalMask' on page 33 undefined on i
nput line 77.


LaTeX Warning: Hyper reference `fig:clarityCoronalMI' on page 33 undefined on i
nput line 77.


LaTeX Warning: Reference `sub@fig:clarityCoronalMI' on page 33 undefined on inp
ut line 77.


LaTeX Warning: Hyper reference `fig:clarityCoronalSSD' on page 33 undefined on 
input line 77.


LaTeX Warning: Reference `sub@fig:clarityCoronalSSD' on page 33 undefined on in
put line 77.


LaTeX Warning: Hyper reference `fig:clarityCoronalMI' on page 33 undefined on i
nput line 77.


LaTeX Warning: Reference `sub@fig:clarityCoronalMI' on page 33 undefined on inp
ut line 77.


LaTeX Warning: Hyper reference `fig:lmkError' on page 33 undefined on input lin
e 77.


LaTeX Warning: Reference `sub@fig:lmkError' on page 33 undefined on input line 
77.

File: neurodata_small.png Graphic file (type QTm)
<use  "neurodata_small.png" >
Overfull \hbox (2.1106pt too wide) has occurred while \output is active
[][][][][][]  
 []

[33

]
Underfull \hbox (badness 10000) in paragraph at lines 85--90

 []


LaTeX Warning: Reference `fig:idisco' on page 34 undefined on input line 93.

File: ../../figs/iDISCO.png Graphic file (type QTm)
<use  "../../figs/iDISCO.png" >
File: neurodata_small.png Graphic file (type QTm)
 <use  "neurodata_small.png" >
Overfull \hbox (2.1106pt too wide) has occurred while \output is active
[][][][][][]  
 []

[34

]) (./data.tex
Underfull \hbox (badness 10000) in paragraph at lines 6--9

 []


Package natbib Warning: Citation `Bhatla2015' on page 35 undefined on input lin
e 16.


Package natbib Warning: Citation `Bock2011' on page 35 undefined on input line 
17.


Package natbib Warning: Citation `Harris2015' on page 35 undefined on input lin
e 18.


Package natbib Warning: Citation `Kasthuri2016' on page 35 undefined on input l
ine 19.


Package natbib Warning: Citation `Lee2016' on page 35 undefined on input line 2
0.


Package natbib Warning: Citation `Ohyama2015' on page 35 undefined on input lin
e 21.


Package natbib Warning: Citation `Takemura2013' on page 35 undefined on input l
ine 22.


Package natbib Warning: Citation `Bloss2016' on page 35 undefined on input line
 23.


Package natbib Warning: Citation `Collman2015' on page 35 undefined on input li
ne 24.


Package natbib Warning: Citation `Weiler2014' on page 35 undefined on input lin
e 26.


Package natbib Warning: Citation `Freeman2014' on page 35 undefined on input li
ne 27.


Package natbib Warning: Citation `Dyer2016' on page 35 undefined on input line 
28.


Package natbib Warning: Citation `Randlett2015' on page 35 undefined on input l
ine 29.


Package natbib Warning: Citation `Kutten2016' on page 35 undefined on input lin
e 30.


Package natbib Warning: Citation `Grabner06' on page 35 undefined on input line
 31.


Overfull \hbox (19.20518pt too wide) in paragraph at lines 12--37
[][]
 []

)
File: neurodata_small.png Graphic file (type QTm)
 <use  "neurodata_small.png" >
Overfull \hbox (2.1106pt too wide) has occurred while \output is active
[][][][][][]  
 []

[35

] (./data.tex
Underfull \hbox (badness 10000) in paragraph at lines 6--9

 []


Package natbib Warning: Citation `Bhatla2015' on page 36 undefined on input lin
e 16.


Package natbib Warning: Citation `Bock2011' on page 36 undefined on input line 
17.


Package natbib Warning: Citation `Harris2015' on page 36 undefined on input lin
e 18.


Package natbib Warning: Citation `Kasthuri2016' on page 36 undefined on input l
ine 19.


Package natbib Warning: Citation `Lee2016' on page 36 undefined on input line 2
0.


Package natbib Warning: Citation `Ohyama2015' on page 36 undefined on input lin
e 21.


Package natbib Warning: Citation `Takemura2013' on page 36 undefined on input l
ine 22.


Package natbib Warning: Citation `Bloss2016' on page 36 undefined on input line
 23.


Package natbib Warning: Citation `Collman2015' on page 36 undefined on input li
ne 24.


Package natbib Warning: Citation `Weiler2014' on page 36 undefined on input lin
e 26.


Package natbib Warning: Citation `Freeman2014' on page 36 undefined on input li
ne 27.


Package natbib Warning: Citation `Dyer2016' on page 36 undefined on input line 
28.


Package natbib Warning: Citation `Randlett2015' on page 36 undefined on input l
ine 29.


Package natbib Warning: Citation `Kutten2016' on page 36 undefined on input lin
e 30.


Package natbib Warning: Citation `Grabner06' on page 36 undefined on input line
 31.


Overfull \hbox (19.20518pt too wide) in paragraph at lines 12--37
[][]
 []

)
File: neurodata_small.png Graphic file (type QTm)
 <use  "neurodata_small.png" >
Overfull \hbox (2.1106pt too wide) has occurred while \output is active
[][][][][][]  
 []

[36

] (./sic.tex
File: ../../figs/sic.png Graphic file (type QTm)
 <use  "../../figs/sic.png" >

LaTeX Warning: `!h' float specifier changed to `!ht'.

File: ../../figs/sicTab.png Graphic file (type QTm)
<use  "../../figs/sicTab.png" >

Package natbib Warning: Citation `kiar2016sic' on page 37 undefined on input li
ne 54.


LaTeX Warning: `!h' float specifier changed to `!ht'.


Underfull \hbox (badness 10000) in paragraph at lines 60--63

 []

File: neurodata_small.png Graphic file (type QTm)
<use  "neurodata_small.png" >
Overfull \hbox (2.1106pt too wide) has occurred while \output is active
[][][][][][]  
 []

[37

]

LaTeX Warning: Text page 38 contains only floats.

File: neurodata_small.png Graphic file (type QTm)
<use  "neurodata_small.png" >
Overfull \hbox (2.1106pt too wide) has occurred while \output is active
[][][][][][]  
 []

[38]) (./ndmg.tex

LaTeX Warning: Reference `fig:ndmgqc' on page 39 undefined on input line 12.

File: ../../figs/ndmgqcnew.png Graphic file (type QTm)
<use  "../../figs/ndmgqcnew.png" >

LaTeX Warning: Reference `fig:ndmgcloud' on page 39 undefined on input line 32.


File: neurodata_small.png Graphic file (type QTm)
<use  "neurodata_small.png" >
Overfull \hbox (2.1106pt too wide) has occurred while \output is active
[][][][][][]  
 []

[39

]

LaTeX Warning: Reference `fig:ndmg_meanconnectome' on page 40 undefined on inpu
t line 40.

File: ../../figs/fig_meanconnectome.png Graphic file (type QTm)
<use  "../../figs/fig_meanconnectome.png" >) (./clarity.tex
File: neurodata_small.png Graphic file (type QTm)

<use  "neurodata_small.png" >
Overfull \hbox (2.1106pt too wide) has occurred while \output is active
[][][][][][]  
 []

[40

]) (./backmatter.tex
File: neurodata_small.png Graphic file (type QTm)
 <use  "neurodata_small.png" >
Overfull \hbox (2.1106pt too wide) has occurred while \output is active
[][][][][][]  
 []

[41]
No file references.bbl.
)

Package natbib Warning: There were undefined citations.

\Changes@OutFile=\write13
\openout13 = `simplex.soc'.

File: neurodata_small.png Graphic file (type QTm)
<use  "neurodata_small.png" >
Overfull \hbox (2.1106pt too wide) has occurred while \output is active
[][][][][][]  
 []

[4