\BOOKMARK [1][-]{section.1}{Executive Summary}{}% 1
\BOOKMARK [1][-]{section.2}{Executive Summary Slide}{}% 2
\BOOKMARK [1][-]{section.3}{Goals and Impact}{}% 3
\BOOKMARK [2][-]{subsection.3.1}{Overview}{section.3}% 4
\BOOKMARK [2][-]{subsection.3.2}{Description}{section.3}% 5
\BOOKMARK [2][-]{subsection.3.3}{Use Cases}{section.3}% 6
\BOOKMARK [3][-]{subsubsection.3.3.1}{BrainLab MRI}{subsection.3.3}% 7
\BOOKMARK [3][-]{subsubsection.3.3.2}{BrainLab Physiology}{subsection.3.3}% 8
\BOOKMARK [3][-]{subsubsection.3.3.3}{BrainLab CLARITY}{subsection.3.3}% 9
\BOOKMARK [2][-]{subsection.3.4}{System Overview: Goal and Deliverables}{section.3}% 10
\BOOKMARK [2][-]{subsection.3.5}{Community Experiments and Data Controls}{section.3}% 11
\BOOKMARK [2][-]{subsection.3.6}{Broader Impacts}{section.3}% 12
\BOOKMARK [2][-]{subsection.3.7}{Suitability for DARPA funding}{section.3}% 13
\BOOKMARK [1][-]{section.4}{Technical Plan}{}% 14
\BOOKMARK [2][-]{subsection.4.1}{Task 1: CLARITY}{section.4}% 15
\BOOKMARK [2][-]{subsection.4.2}{Task 2: Multimodal MRI}{section.4}% 16
\BOOKMARK [2][-]{subsection.4.3}{Task 3: Optophysiology}{section.4}% 17
\BOOKMARK [1][-]{section.5}{Statement of Work}{}% 18
\BOOKMARK [2][-]{subsection.5.1}{Phase I}{section.5}% 19
\BOOKMARK [3][-]{subsubsection.5.1.1}{Task 1: Mathematical Formalism}{subsection.5.1}% 20
\BOOKMARK [3][-]{subsubsection.5.1.2}{Task 2: Computational Infrastructure}{subsection.5.1}% 21
\BOOKMARK [3][-]{subsubsection.5.1.3}{Task 3: Datafication}{subsection.5.1}% 22
\BOOKMARK [3][-]{subsubsection.5.1.4}{Task 4: Discovery}{subsection.5.1}% 23
\BOOKMARK [3][-]{subsubsection.5.1.5}{Task 5: Program Management}{subsection.5.1}% 24
\BOOKMARK [2][-]{subsection.5.2}{Phase II}{section.5}% 25
\BOOKMARK [3][-]{subsubsection.5.2.1}{Task 1: Mathematical Formalism}{subsection.5.2}% 26
\BOOKMARK [3][-]{subsubsection.5.2.2}{Task 2: Computational Infrastructure}{subsection.5.2}% 27
\BOOKMARK [3][-]{subsubsection.5.2.3}{Task 3: Datafication}{subsection.5.2}% 28
\BOOKMARK [3][-]{subsubsection.5.2.4}{Task 4: Discovery}{subsection.5.2}% 29
\BOOKMARK [3][-]{subsubsection.5.2.5}{Task 5: Program Management}{subsection.5.2}% 30
\BOOKMARK [2][-]{subsection.5.3}{Phase III}{section.5}% 31
\BOOKMARK [3][-]{subsubsection.5.3.1}{Task 1: Mathematical Formalism}{subsection.5.3}% 32
\BOOKMARK [3][-]{subsubsection.5.3.2}{Task 2: Computational Infrastructure}{subsection.5.3}% 33
\BOOKMARK [3][-]{subsubsection.5.3.3}{Task 3: Datafication}{subsection.5.3}% 34
\BOOKMARK [3][-]{subsubsection.5.3.4}{Task 4: Discovery}{subsection.5.3}% 35
\BOOKMARK [3][-]{subsubsection.5.3.5}{Task 5: Program Management}{subsection.5.3}% 36
\BOOKMARK [1][-]{section.6}{Schedule and Milestones}{}% 37
